2022-07-14 02:23:12
  PASS  Example ESMF_ArrayHaloEx, ESMF_ArrayHaloEx.F90, line 460
  PASS  Example ESMF_ArrayHaloEx, ESMF_ArrayHaloEx.F90, line 460
  PASS  Example ESMF_ArrayHaloEx, ESMF_ArrayHaloEx.F90, line 460
            1            1   0.5480394724417819        0.5590166422088396     
            2            1   0.8867241241933372        0.9045082684103681     
            3            1   0.8866965259760310        0.9045090309983642     
            4            1   0.5480148101682637        0.5590186386905981     
            5            1   5.4980542991626145E-006   2.4677885651396933E-006
            6            1  -0.5480165586306665       -0.5590146457233172     
            7            1  -0.8867045116410696       -0.9045075058162820     
            8            1  -0.8867000128047530       -0.9045097935802704     
            9            1  -0.5480369848310425       -0.5590206351685929     
           10            1  -2.2362926181820355E-005  -4.9355771302627704E-006
 
            1            2   0.4661903567114671        0.4755280977807120     
            2            2   0.7542928138379087        0.7694209149204944     
            3            2   0.7542693373851770        0.7694215636167796     
            4            2   0.4661693777224228        0.4755297960900309     
            5            2   4.6769257018855806E-006   2.0992269522943275E-006
            6            2  -0.4661708650538137       -0.4755263994681914     
            7            2  -0.7542761303995843       -0.7694202662190287     
            8            2  -0.7542723034597159       -0.7694222123078844     
            9            2  -0.4661882406227616       -0.4755314943961482     
           10            2  -1.9023046801920501E-005  -4.1984539045745215E-006
 
            1            3   0.3387073554883603        0.3454916262015286     
            2            3   0.5480261883602968        0.5590174047968358     
            3            3   0.5480091317071368        0.5590178761026021     
            4            3   0.3386921133500407        0.3454928600963313     
            5            3   3.3979877821428143E-006   1.5251787158299517E-006
            6            3  -0.3386931939603002       -0.3454903923043998     
            7            3  -0.5480140671244238       -0.5590169334873057     
            8            3  -0.5480112866879263       -0.5590183474046045     
            9            3  -0.3387058180588555       -0.3454940939888079     
           10            3  -1.3821062111038225E-005  -3.0503574316496344E-006
 
            1            4   0.1780693727144697        0.1816360824733326     
            2            4   0.2881150291280677        0.2938934658360677     
            3            4   0.2881060618957960        0.2938937136166984     
            4            4   0.1780613594311281        0.1816367311715966     
            5            4   1.7864316881499703E-006   8.0183560470281201E-007
            6            4  -0.1780619275427673       -0.1816354337738456     
            7            4  -0.2881086566037235       -0.2938932180534582     
            8            4  -0.2881071948386488       -0.2938939613953503     
            9            4  -0.1780685644382303       -0.1816373798686377     
           10            4  -7.2661777796696718E-006  -1.6036712094002252E-006
 
            1            5   7.4761338312190731E-007   7.6258799615495937E-007
            2            5   1.2096333489088484E-006   1.2338937624239260E-006
            3            5   1.2095957005319597E-006   1.2338948027157669E-006
            4            5   7.4757973984132821E-007   7.6259071967499199E-007
            5            5   7.5002243122641095E-012   3.3664578023796142E-012
            6            5  -7.4758212502334042E-007  -7.6258527262979235E-007
            7            5  -1.2096065942546872E-006  -1.2338927221237774E-006
            8            5  -1.2096004571233167E-006  -1.2338958429993004E-006
            9            5  -7.4760998962349224E-007  -7.6259344318989012E-007
           10            5  -3.0506603519503737E-011  -6.7329156047365616E-012
 
            1            6  -0.1780679506691900       -0.1816346319446443     
            2            6  -0.2881127282685164       -0.2938911188304635     
            3            6  -0.2881037611078561       -0.2938913666091154     
            4            6  -0.1780599374498421       -0.1816352806377279     
            5            6  -1.7864174220252099E-006  -8.0182920131901255E-007
            6            6   0.1780605055569447        0.1816339832503378     
            7            6   0.2881063557950628        0.2938908710498328     
            8            6   0.2881048940416606        0.2938916143857885     
            9            6   0.1780671423994054        0.1816359293295885     
           10            6   7.2661197531495959E-006   1.6036584026326263E-006
 
            1            7  -0.3387061458240397       -0.3454903923077661     
            2            7  -0.5480242311316860       -0.5590154083140368     
            3            7  -0.5480071745394425       -0.5590158796181199     
            4            7  -0.3386909037401572       -0.3454916261981621     
            5            7  -3.3979756463325154E-006  -1.5251732687847517E-006
            6            7   0.3386919843465568        0.3454891584150440     
            7            7   0.5480121099391028        0.5590149370061900     
            8            7   0.5480093295125366        0.5590163509184392     
            9            7   0.3387046084000256        0.3454928600862319     
           10            7   1.3821012749882115E-005   3.0503465375592344E-006
 
            1            8  -0.4661894778382824       -0.4755272013037960     
            2            8  -0.7542913918270996       -0.7694194643898273     
            3            8  -0.7542679154186263       -0.7694201130848897     
            4            8  -0.4661684988887880       -0.4755288996099132     
            5            8  -4.6769168850567760E-006  -2.0992229947815898E-006
            6            8   0.4661699862173755        0.4755255029944771     
            7            8   0.7542747084202273        0.7694188156895846     
            8            8   0.7542708814875724        0.7694207617747715     
            9            8   0.4661873617535664        0.4755305979128288     
           10            8   1.9023010939774806E-005   4.1984459895490461E-006
 
            1            9  -0.5480390103898246       -0.5590161709020330     
            2            9  -0.8867233765964251       -0.9045075058196484     
            3            9  -0.8866957784023882       -0.9045082684070016     
            4            9  -0.5480143481371001       -0.5590181673821083     
            5            9  -5.4980496620941186E-006  -2.4677864845477034E-006
            6            9   0.5480160965980281        0.5590141744181939     
            7            9   0.8867037640606918        0.9045067432262053     
            8            9   0.8866992652281694        0.9045090309882649     
            9            9   0.5480365227811829        0.5590201638584199     
           10            9   2.2362907327675419E-005   4.9355729690787913E-006
 
            1           10  -0.5762427540792183       -0.5877848324451831     
            2           10  -0.9323568413002074       -0.9510561955582223     
            3           10  -0.9323278228197024       -0.9510569973906253     
            4           10  -0.5762168226324383       -0.5877869316701566     
            5           10  -5.7809959138913007E-006  -2.5947862348772068E-006
            6           10   0.5762186610744494        0.5877827332162521     
            7           10   0.9323362194441164        0.9510553937194159     
            8           10   0.9323314890880763        0.9510577992166249     
            9           10   0.5762401384507183        0.5877890308911726     
           10           10   2.3513770120109214E-005   5.1895724697369426E-006
 
            1           11  -0.5480399344900492       -0.5590171135118823     
            2           11  -0.8867248717842776       -0.9045090309949978     
            3           11  -0.8866972735437052       -0.9045097935836369     
            4           11  -0.5480152721957399       -0.5590191099953241     
            5           11  -5.4980589331462639E-006  -2.4677906457150675E-006
            6           11   0.5480170206596157        0.5590151170246768     
            7           11   0.8867052592154747        0.9045082684002688     
            8           11   0.8867007603753663        0.9045105561661860     
            9           11   0.5480374468772128        0.5590211064750021     
           10           11   2.2362945035523551E-005   4.9355812914135196E-006
 
            1           12  -0.4661912355815120       -0.4755289942544262     
            2           12  -0.7542942358436401       -0.7694223654459810     
            3           12  -0.7542707593466498       -0.7694230141434891     
            4           12  -0.4661702565529180       -0.4755306925669469     
            5           12  -4.6769345192223906E-006  -2.0992309097929312E-006
            6           12   0.4661717438871132        0.4755272959387039     
            7           12   0.7542775523738638        0.7694217167432923     
            8           12   0.7542737254267797        0.7694236628358169     
            9           12   0.4661891194888171        0.4755323908762658     
           10           12   1.9023082664946005E-005   4.1984618195717288E-006
 
            1           13  -0.3387085651504003       -0.3454928600929649     
            2           13  -0.5480281455852167       -0.5590194012758708     
            3           13  -0.5480110888711405       -0.5590198725833203     
            4           13  -0.3386933229576454       -0.3454940939921743     
            5           13  -3.3979999182144783E-006  -1.5251841628648824E-006
            6           13   0.3386944035717640        0.3454916261914293     
            7           13   0.5480160243060546        0.5590189299646575     
            8           13   0.5480132438596269        0.5590203438870059     
            9           13   0.3387070277154044        0.3454953278890576     
           10           13   1.3821111471318209E-005   3.0503683257194959E-006
 
            1           14  -0.1780707947585499       -0.1816375330007979     
            2           14  -0.2881173299856792       -0.2938958128396931     
            3           14  -0.2881083626817962       -0.2938960606223025     
            4           14  -0.1780627814112156       -0.1816381817042423     
            5           14  -1.7864459544661534E-006  -8.0184200808121269E-007
            6           14   0.1780633495273919        0.1816368842961305     
            7           14   0.2881109574104450        0.2938955650551049     
            8           14   0.2881094956336963        0.2938963084029332     
            9           14   0.1780699864758556        0.1816388304064638     
           10           14   7.2662358067161592E-006   1.6036840161570264E-006
 
            1           15  -2.2428401493606834E-006  -2.2877639884597434E-006
            2           15  -3.6289000467184000E-006  -3.7016812872634697E-006
            3           15  -3.6287871015877401E-006  -3.7016844081389929E-006
            4           15  -2.2427392195189523E-006  -2.2877721590198412E-006
            5           15  -2.2500672931287603E-011  -1.0099373407116175E-011
            6           15   2.2427463750649889E-006   2.2877558178842423E-006
            7           15   3.6288197827559124E-006   3.7016781663630238E-006
            8           15   3.6288013713618028E-006   3.7016875289895925E-006
            9           15   2.2428299688654426E-006   2.2877803295645356E-006
           10           15   9.1519810559908454E-011   2.0198746814164349E-011
 
            1           16   0.1780665286227120        0.1816331814147331     
            2           16   0.2881104274070249        0.2938887718228805     
            3           16   0.2881014603179761        0.2938890195995537     
            4           16   0.1780585154673575        0.1816338301026362     
            5           16   1.7864031557182298E-006   8.0182279792981443E-007
            6           16  -0.1780590835699231       -0.1816325327256071     
            7           16  -0.2881040549844615       -0.2938885240442286     
            8           16  -0.2881025932427332       -0.2938892673742481     
            9           16  -0.1780657203593822       -0.1816344787893164     
           10           16  -7.2660617259742655E-006  -1.6036455958542303E-006
 
            1           17   0.3387049361574389        0.3454891584116775     
            2           17   0.5480222738993861        0.5590134118274741     
            3           17   0.5480052173680585        0.5590138831298739     
            4           17   0.3386896941279914        0.3454903922976667     
            5           17   3.3979635114057049E-006   1.5251678217292830E-006
            6           17  -0.3386907747305319       -0.3454879245233621     
            7           17  -0.5480101527500939       -0.5590129405213106     
            8           17  -0.5480073723334556       -0.5590143544285099     
            9           17  -0.3387033987389149       -0.3454916261813297     
           10           17  -1.3820963389797235E-005  -3.0503356434482969E-006
 
            1           18   0.4661885989619611        0.4755263048236784     
            2           18   0.7542899698112095        0.7694180138539798     
            3           18   0.7542664934469955        0.7694186625478192     
            4           18   0.4661676200520169        0.4755280031265939     
            5           18   4.6769080678267200E-006   2.0992190372547186E-006
            6           18  -0.4661691073777995       -0.4755246065175612     
            7           18  -0.7542732864357902       -0.7694173651549601     
            8           18  -0.7542694595103511       -0.7694193112364782     
            9           18  -0.4661864828812343       -0.4755297014263078     
           10           18  -1.9022975075762739E-005  -4.1984380744953027E-006
 
            1           19   0.5480385483341769        0.5590156995914626     
            2           19   0.8867226289935437        0.9045067432228387     
            3           19   0.8866950308227747        0.9045075058095490     
            4           19   0.5480138861022460        0.5590176960698547     
            5           19   5.4980450268956732E-006   2.4677844039390984E-006
            6           19  -0.5480156345617003       -0.5590137031093068     
            7           19  -0.8867030164743456       -0.9045059806300385     
            8           19  -0.8866985176456157       -0.9045082683901693     
            9           19  -0.5480360607276327       -0.5590196925444830     
           10           19  -2.2362888473633552E-005  -4.9355688078615806E-006
 
            1           20   0.5762427540733990        0.5877848324392468     
            2           20   0.9323568412907906        0.9510561955486172     
            3           20   0.9323278228102870        0.9510569973810202     
            4           20   0.5762168226266191        0.5877869316642204     
            5           20   5.7809959131624229E-006   2.5947862348510008E-006
            6           20  -0.5762186610686301       -0.5877827332103158     
            7           20  -0.9323362194346997       -0.9510553937098108     
            8           20  -0.9323314890786601       -0.9510577992070198     
            9           20  -0.5762401384448995       -0.5877890308852364     
           10           20  -2.3513770119505496E-005  -5.1895724696845308E-006
 
  PASS  Example ESMF_ArrayHaloEx, ESMF_ArrayHaloEx.F90, line 460
 PASS: ESMF_ArrayHaloEx.F90
 PASS: ESMF_ArrayHaloEx.F90
 PASS: ESMF_ArrayHaloEx.F90
 PASS: ESMF_ArrayHaloEx.F90
