2022-07-14 02:24:28
20220714 033329.505 INFO             PET0 !!!!!!!!!!!!!!!!!!!!!!!!!!!!!!!!!!!!!!!!!!!!!!!!!!!!!!
20220714 033329.506 INFO             PET0 !!! THE ESMF_LOG IS SET TO OUTPUT ALL LOG MESSAGES !!!
20220714 033329.506 INFO             PET0 !!!     THIS MAY CAUSE SLOWDOWN IN PERFORMANCE     !!!
20220714 033329.506 INFO             PET0 !!! FOR PRODUCTION RUNS, USE:                      !!!
20220714 033329.506 INFO             PET0 !!!                   ESMF_LOGKIND_Multi_On_Error  !!!
20220714 033329.506 INFO             PET0 !!!!!!!!!!!!!!!!!!!!!!!!!!!!!!!!!!!!!!!!!!!!!!!!!!!!!!
20220714 033329.506 INFO             PET0 Running with ESMF Version   : v8.3.0b13-21-g29f31e7579
20220714 033329.506 INFO             PET0 ESMF library build date/time: "Jul 14 2022" "02:14:03"
20220714 033329.506 INFO             PET0 ESMF library build location : /glade/scratch/dunlap/esmf-test-dev/intel_18.0.5_mpiuni_g_newalarm/esmf
20220714 033329.506 INFO             PET0 ESMF_COMM                   : mpiuni
20220714 033329.506 INFO             PET0 ESMF_MOAB                   : enabled
20220714 033329.506 INFO             PET0 ESMF_LAPACK                 : enabled
20220714 033329.506 INFO             PET0 ESMF_NETCDF                 : enabled
20220714 033329.506 INFO             PET0 ESMF_PNETCDF                : disabled
20220714 033329.506 INFO             PET0 ESMF_PIO                    : disabled
20220714 033329.506 INFO             PET0 ESMF_YAMLCPP                : enabled
20220714 033329.510 INFO             PET0  NUMBER_OF_PROCESSORS           1
20220714 033329.510 INFO             PET0  PASS  Example ESMF_AlarmEx, ESMF_AlarmEx.F90, line 745
20220714 033329.510 INFO             PET0 Finalizing ESMF
