2022-07-14 01:57:07
20220714 022906.277 INFO             PET0 !!!!!!!!!!!!!!!!!!!!!!!!!!!!!!!!!!!!!!!!!!!!!!!!!!!!!!
20220714 022906.277 INFO             PET0 !!! THE ESMF_LOG IS SET TO OUTPUT ALL LOG MESSAGES !!!
20220714 022906.277 INFO             PET0 !!!     THIS MAY CAUSE SLOWDOWN IN PERFORMANCE     !!!
20220714 022906.277 INFO             PET0 !!! FOR PRODUCTION RUNS, USE:                      !!!
20220714 022906.277 INFO             PET0 !!!                   ESMF_LOGKIND_Multi_On_Error  !!!
20220714 022906.277 INFO             PET0 !!!!!!!!!!!!!!!!!!!!!!!!!!!!!!!!!!!!!!!!!!!!!!!!!!!!!!
20220714 022906.277 INFO             PET0 Running with ESMF Version   : v8.3.0b13-21-g29f31e7579
20220714 022906.277 INFO             PET0 ESMF library build date/time: "Jul 14 2022" "01:53:58"
20220714 022906.277 INFO             PET0 ESMF library build location : /glade/scratch/dunlap/esmf-test-dev/gfortran_10.1.0_mpt_g_newalarm/esmf
20220714 022906.277 INFO             PET0 ESMF_COMM                   : mpt
20220714 022906.277 INFO             PET0 ESMF_MOAB                   : enabled
20220714 022906.277 INFO             PET0 ESMF_LAPACK                 : enabled
20220714 022906.277 INFO             PET0 ESMF_NETCDF                 : enabled
20220714 022906.277 INFO             PET0 ESMF_PNETCDF                : disabled
20220714 022906.277 INFO             PET0 ESMF_PIO                    : enabled
20220714 022906.277 INFO             PET0 ESMF_YAMLCPP                : enabled
20220714 022906.288 INFO             PET0 ESMF_FieldRedistStoreNF(): Just entered routine.
20220714 022906.639 INFO             PET0 ESMF_FieldRedistStoreNF(): Leaving routine.
20220714 022906.642 INFO             PET0  NUMBER_OF_PROCESSORS           4
20220714 022906.642 INFO             PET0  PASS  Example ESMF_RHandleFromRHandleEx, ESMF_RHandleFromRHandleEx.F90, line 660
20220714 022906.642 INFO             PET0 Finalizing ESMF
20220714 022906.277 INFO             PET1 !!!!!!!!!!!!!!!!!!!!!!!!!!!!!!!!!!!!!!!!!!!!!!!!!!!!!!
20220714 022906.277 INFO             PET1 !!! THE ESMF_LOG IS SET TO OUTPUT ALL LOG MESSAGES !!!
20220714 022906.277 INFO             PET1 !!!     THIS MAY CAUSE SLOWDOWN IN PERFORMANCE     !!!
20220714 022906.277 INFO             PET1 !!! FOR PRODUCTION RUNS, USE:                      !!!
20220714 022906.277 INFO             PET1 !!!                   ESMF_LOGKIND_Multi_On_Error  !!!
20220714 022906.277 INFO             PET1 !!!!!!!!!!!!!!!!!!!!!!!!!!!!!!!!!!!!!!!!!!!!!!!!!!!!!!
20220714 022906.277 INFO             PET1 Running with ESMF Version   : v8.3.0b13-21-g29f31e7579
20220714 022906.277 INFO             PET1 ESMF library build date/time: "Jul 14 2022" "01:53:58"
20220714 022906.277 INFO             PET1 ESMF library build location : /glade/scratch/dunlap/esmf-test-dev/gfortran_10.1.0_mpt_g_newalarm/esmf
20220714 022906.277 INFO             PET1 ESMF_COMM                   : mpt
20220714 022906.277 INFO             PET1 ESMF_MOAB                   : enabled
20220714 022906.277 INFO             PET1 ESMF_LAPACK                 : enabled
20220714 022906.277 INFO             PET1 ESMF_NETCDF                 : enabled
20220714 022906.277 INFO             PET1 ESMF_PNETCDF                : disabled
20220714 022906.277 INFO             PET1 ESMF_PIO                    : enabled
20220714 022906.277 INFO             PET1 ESMF_YAMLCPP                : enabled
20220714 022906.288 INFO             PET1 ESMF_FieldRedistStoreNF(): Just entered routine.
20220714 022906.639 INFO             PET1 ESMF_FieldRedistStoreNF(): Leaving routine.
20220714 022906.642 INFO             PET1  NUMBER_OF_PROCESSORS           4
20220714 022906.642 INFO             PET1  PASS  Example ESMF_RHandleFromRHandleEx, ESMF_RHandleFromRHandleEx.F90, line 660
20220714 022906.642 INFO             PET1 Finalizing ESMF
20220714 022906.277 INFO             PET2 !!!!!!!!!!!!!!!!!!!!!!!!!!!!!!!!!!!!!!!!!!!!!!!!!!!!!!
20220714 022906.277 INFO             PET2 !!! THE ESMF_LOG IS SET TO OUTPUT ALL LOG MESSAGES !!!
20220714 022906.277 INFO             PET2 !!!     THIS MAY CAUSE SLOWDOWN IN PERFORMANCE     !!!
20220714 022906.277 INFO             PET2 !!! FOR PRODUCTION RUNS, USE:                      !!!
20220714 022906.277 INFO             PET2 !!!                   ESMF_LOGKIND_Multi_On_Error  !!!
20220714 022906.277 INFO             PET2 !!!!!!!!!!!!!!!!!!!!!!!!!!!!!!!!!!!!!!!!!!!!!!!!!!!!!!
20220714 022906.277 INFO             PET2 Running with ESMF Version   : v8.3.0b13-21-g29f31e7579
20220714 022906.277 INFO             PET2 ESMF library build date/time: "Jul 14 2022" "01:53:58"
20220714 022906.277 INFO             PET2 ESMF library build location : /glade/scratch/dunlap/esmf-test-dev/gfortran_10.1.0_mpt_g_newalarm/esmf
20220714 022906.277 INFO             PET2 ESMF_COMM                   : mpt
20220714 022906.277 INFO             PET2 ESMF_MOAB                   : enabled
20220714 022906.277 INFO             PET2 ESMF_LAPACK                 : enabled
20220714 022906.277 INFO             PET2 ESMF_NETCDF                 : enabled
20220714 022906.277 INFO             PET2 ESMF_PNETCDF                : disabled
20220714 022906.277 INFO             PET2 ESMF_PIO                    : enabled
20220714 022906.277 INFO             PET2 ESMF_YAMLCPP                : enabled
20220714 022906.288 INFO             PET2 ESMF_FieldRedistStoreNF(): Just entered routine.
20220714 022906.639 INFO             PET2 ESMF_FieldRedistStoreNF(): Leaving routine.
20220714 022906.641 INFO             PET2  NUMBER_OF_PROCESSORS           4
20220714 022906.641 INFO             PET2  PASS  Example ESMF_RHandleFromRHandleEx, ESMF_RHandleFromRHandleEx.F90, line 660
20220714 022906.641 INFO             PET2 Finalizing ESMF
20220714 022906.277 INFO             PET3 !!!!!!!!!!!!!!!!!!!!!!!!!!!!!!!!!!!!!!!!!!!!!!!!!!!!!!
20220714 022906.277 INFO             PET3 !!! THE ESMF_LOG IS SET TO OUTPUT ALL LOG MESSAGES !!!
20220714 022906.277 INFO             PET3 !!!     THIS MAY CAUSE SLOWDOWN IN PERFORMANCE     !!!
20220714 022906.277 INFO             PET3 !!! FOR PRODUCTION RUNS, USE:                      !!!
20220714 022906.277 INFO             PET3 !!!                   ESMF_LOGKIND_Multi_On_Error  !!!
20220714 022906.277 INFO             PET3 !!!!!!!!!!!!!!!!!!!!!!!!!!!!!!!!!!!!!!!!!!!!!!!!!!!!!!
20220714 022906.277 INFO             PET3 Running with ESMF Version   : v8.3.0b13-21-g29f31e7579
20220714 022906.277 INFO             PET3 ESMF library build date/time: "Jul 14 2022" "01:53:58"
20220714 022906.277 INFO             PET3 ESMF library build location : /glade/scratch/dunlap/esmf-test-dev/gfortran_10.1.0_mpt_g_newalarm/esmf
20220714 022906.277 INFO             PET3 ESMF_COMM                   : mpt
20220714 022906.278 INFO             PET3 ESMF_MOAB                   : enabled
20220714 022906.278 INFO             PET3 ESMF_LAPACK                 : enabled
20220714 022906.278 INFO             PET3 ESMF_NETCDF                 : enabled
20220714 022906.278 INFO             PET3 ESMF_PNETCDF                : disabled
20220714 022906.278 INFO             PET3 ESMF_PIO                    : enabled
20220714 022906.278 INFO             PET3 ESMF_YAMLCPP                : enabled
20220714 022906.288 INFO             PET3 ESMF_FieldRedistStoreNF(): Just entered routine.
20220714 022906.639 INFO             PET3 ESMF_FieldRedistStoreNF(): Leaving routine.
20220714 022906.643 INFO             PET3  NUMBER_OF_PROCESSORS           4
20220714 022906.643 INFO             PET3  PASS  Example ESMF_RHandleFromRHandleEx, ESMF_RHandleFromRHandleEx.F90, line 660
20220714 022906.643 INFO             PET3 Finalizing ESMF
