2022-07-14 02:20:16
 data array1:
            1  array1:           101
 data array1:
            2  array1:           201
            2  array1:           202
 data array1:
            3  array1:           301
 data array1:
            0  array1:             1
            0  array1:             2
            1  array1:           102
            3  array1:           302
 Global sum:
            0  result:          1212
  PASS  Example ESMF_VMAllFullReduceEx, ESMF_VMAllFullReduceEx.F90, line 113
 Global sum:
            1  result:          1212
  PASS  Example ESMF_VMAllFullReduceEx, ESMF_VMAllFullReduceEx.F90, line 113
 Global sum:
            2  result:          1212
  PASS  Example ESMF_VMAllFullReduceEx, ESMF_VMAllFullReduceEx.F90, line 113
 Global sum:
            3  result:          1212
  PASS  Example ESMF_VMAllFullReduceEx, ESMF_VMAllFullReduceEx.F90, line 113
 PASS: ESMF_VMAllFullReduceEx.F90
 PASS: ESMF_VMAllFullReduceEx.F90
 PASS: ESMF_VMAllFullReduceEx.F90
 PASS: ESMF_VMAllFullReduceEx.F90
