2022-07-14 02:20:16
20220714 031254.095 INFO             PET0 !!!!!!!!!!!!!!!!!!!!!!!!!!!!!!!!!!!!!!!!!!!!!!!!!!!!!!
20220714 031254.095 INFO             PET0 !!! THE ESMF_LOG IS SET TO OUTPUT ALL LOG MESSAGES !!!
20220714 031254.095 INFO             PET0 !!!     THIS MAY CAUSE SLOWDOWN IN PERFORMANCE     !!!
20220714 031254.095 INFO             PET0 !!! FOR PRODUCTION RUNS, USE:                      !!!
20220714 031254.095 INFO             PET0 !!!                   ESMF_LOGKIND_Multi_On_Error  !!!
20220714 031254.095 INFO             PET0 !!!!!!!!!!!!!!!!!!!!!!!!!!!!!!!!!!!!!!!!!!!!!!!!!!!!!!
20220714 031254.095 INFO             PET0 Running with ESMF Version   : v8.3.0b13-21-g29f31e7579
20220714 031254.095 INFO             PET0 ESMF library build date/time: "Jul 14 2022" "02:16:58"
20220714 031254.095 INFO             PET0 ESMF library build location : /glade/scratch/dunlap/esmf-test-dev/nvhpc_22.2_mpt_O_newalarm/esmf
20220714 031254.095 INFO             PET0 ESMF_COMM                   : mpt
20220714 031254.096 INFO             PET0 ESMF_MOAB                   : enabled
20220714 031254.096 INFO             PET0 ESMF_LAPACK                 : enabled
20220714 031254.096 INFO             PET0 ESMF_NETCDF                 : enabled
20220714 031254.096 INFO             PET0 ESMF_PNETCDF                : disabled
20220714 031254.096 INFO             PET0 ESMF_PIO                    : enabled
20220714 031254.096 INFO             PET0 ESMF_YAMLCPP                : enabled
20220714 031254.096 INFO             PET0  NUMBER_OF_PROCESSORS            1
20220714 031254.096 INFO             PET0  PASS  Example ESMF_AlarmEx, ESMF_AlarmEx.F90, line 745
20220714 031254.096 INFO             PET0 Finalizing ESMF
