2022-07-14 02:20:16
--- ESMCI::Array::print start ---
--- ESMCI::Array::print start ---
 Base name    = Array008
 Status: Base = Ready,  object = Ready
 Proxy        = no
 Root Info (Attributes):
--- ESMCI::Array::print start ---
 Base name    = Array008
 Status: Base = Ready,  object = Ready
 Proxy        = no
 Root Info (Attributes):
 Base name    = Array008
 Status: Base = Ready,  object = Ready
 Proxy        = no
 Root Info (Attributes):
{}Array typekind/rank: Real*8 / 2 
~ lower class' values ~
DistGrid dimCount = 2
deCount = 4
localDeCount = 1
~ local data in LocalArray for DE 0 ~
LocalArrayPrint: Array at address 0x2c7bc80:
{}Array typekind/rank: Real*8 / 2 
~ lower class' values ~
DistGrid dimCount = 2
deCount = 4
localDeCount = 1
~ local data in LocalArray for DE 1 ~
LocalArrayPrint: Array at address 0x2c7e500:
            rank = 2, typekind = 6, base_addr = 0x2c540d0
            dim[0] = 3  dim[1] = 10  
{}Array typekind/rank: Real*8 / 2 
~ lower class' values ~
DistGrid dimCount = 2
deCount = 4
localDeCount = 1
~ local data in LocalArray for DE 2 ~
LocalArrayPrint: Array at address 0x2c7e220:
            rank = 2, typekind = 6, base_addr = 0x2c7c230
            dim[0] = 3  dim[1] = 10  
--- ESMCI::Array::print start ---
 Base name    = Array008
 Status: Base = Ready,  object = Ready
 Proxy        = no
 Root Info (Attributes):
            rank = 2, typekind = 6, base_addr = 0x2c822e0
            dim[0] = 3  dim[1] = 10  
  Real, *8, Dim 2, Data values:
  Real, *8, Dim 2, Data values:
( 1, 1) =  1.2345
( 2, 1) =  1.2345
( 3, 1) =  1.2345
( 1, 2) =  1.2345
( 2, 2) =  1.2345
  Real, *8, Dim 2, Data values:
( 1, 1) =  513.58
( 2, 1) =  613.58
( 3, 1) =  713.58
( 1, 2) =  514.814
( 2, 2) =  614.814
( 1, 1) =  513.58
( 2, 1) =  613.58
( 3, 1) =  713.58
( 1, 2) =  514.814
( 2, 2) =  614.814
( 3, 2) =  714.814
( 1, 3) =  516.048
( 2, 3) =  616.048
( 3, 3) =  716.048
( 1, 4) =  517.283
  skipping to end ...
( 3, 2) =  1.2345
( 1, 3) =  1.2345
( 2, 3) =  1.2345
( 3, 3) =  1.2345
( 1, 4) =  1.2345
  skipping to end ...
( 3, 7) =  1.2345
( 1, 8) =  1.2345
( 2, 8) =  1.2345
( 3, 8) =  1.2345
( 1, 9) =  1.2345
( 2, 9) =  1.2345
( 3, 9) =  1.2345
( 1,10) =  1.2345
( 2,10) =  1.2345
( 3, 2) =  714.814
( 1, 3) =  516.048
( 2, 3) =  616.048
( 3, 3) =  716.048
( 1, 4) =  517.283
  skipping to end ...
( 3, 7) =  720.986
( 1, 8) =  522.221
( 2, 8) =  622.221
( 3, 8) =  722.221
( 1, 9) =  523.456
( 2, 9) =  623.456
( 3, 9) =  723.456
{}Array typekind/rank: Real*8 / 2 
~ lower class' values ~
DistGrid dimCount = 2
deCount = 4
localDeCount = 1
~ local data in LocalArray for DE 3 ~
LocalArrayPrint: Array at address 0x2c7e2c0:
            rank = 2, typekind = 6, base_addr = 0x2c7c2f0
( 3, 7) =  720.986
( 1, 8) =  522.221
( 2, 8) =  622.221
( 3, 8) =  722.221
( 1, 9) =  523.456
( 2, 9) =  623.456
( 3, 9) =  723.456
( 1,10) =  524.69
( 2,10) =  624.69
( 3,10) =  724.69
dim 1: undistLBound[0]=1            undistUBound[0]=3
dim 2: [0]: [1 [1 [1, 10] 10] 10]
--- ESMCI::Array::print end ---
( 3,10) =  1.2345
dim 1: undistLBound[0]=1            undistUBound[0]=3
dim 2: [0]: [1 [1 [1, 10] 10] 10]
--- ESMCI::Array::print end ---
( 1,10) =  524.69
( 2,10) =  624.69
( 3,10) =  724.69
dim 1: undistLBound[0]=1            undistUBound[0]=3
dim 2: [0]: [1 [1 [1, 10] 10] 10]
--- ESMCI::Array::print end ---
            dim[0] = 3  dim[1] = 10  
  Real, *8, Dim 2, Data values:
( 1, 1) =  513.58
( 2, 1) =  613.58
( 3, 1) =  713.58
( 1, 2) =  514.814
( 2, 2) =  614.814
( 3, 2) =  714.814
( 1, 3) =  516.048
( 2, 3) =  616.048
( 3, 3) =  716.048
( 1, 4) =  517.283
  skipping to end ...
( 3, 7) =  720.986
( 1, 8) =  522.221
( 2, 8) =  622.221
( 3, 8) =  722.221
( 1, 9) =  523.456
( 2, 9) =  623.456
( 3, 9) =  723.456
( 1,10) =  524.69
( 2,10) =  624.69
( 3,10) =  724.69
dim 1: undistLBound[0]=1            undistUBound[0]=3
dim 2: [0]: [1 [1 [1, 10] 10] 10]
--- ESMCI::Array::print end ---
 localPet =             2 myFarray2D2:     0.000000000000000      
 localPet =             1 myFarray2D2:     0.000000000000000      
    0.000000000000000         0.000000000000000         0.000000000000000      
    0.000000000000000         0.000000000000000         0.000000000000000      
    0.000000000000000         0.000000000000000         0.000000000000000      
    0.000000000000000         0.000000000000000         0.000000000000000      
    0.000000000000000         0.000000000000000         0.000000000000000      
    0.000000000000000         0.000000000000000         0.000000000000000      
    0.000000000000000         0.000000000000000         0.000000000000000      
    0.000000000000000         0.000000000000000         0.000000000000000      
    0.000000000000000         0.000000000000000         0.000000000000000      
    0.000000000000000         0.000000000000000         0.000000000000000      
    0.000000000000000         0.000000000000000         0.000000000000000      
 localPet =             3 myFarray2D2:     0.000000000000000      
    0.000000000000000         0.000000000000000         0.000000000000000      
    0.000000000000000         0.000000000000000         0.000000000000000      
 localPet =             0 myFarray2D2:     513.5795000000001      
    613.5795000000001         713.5795000000001         514.8140000000000      
    614.8140000000000         714.8140000000000         516.0485000000000      
    0.000000000000000         0.000000000000000         0.000000000000000      
    0.000000000000000         0.000000000000000         0.000000000000000      
    0.000000000000000         0.000000000000000         0.000000000000000      
    0.000000000000000         0.000000000000000         0.000000000000000      
    0.000000000000000         0.000000000000000         0.000000000000000      
    0.000000000000000         0.000000000000000         0.000000000000000      
    0.000000000000000         0.000000000000000         0.000000000000000      
    0.000000000000000         0.000000000000000         0.000000000000000      
    0.000000000000000         0.000000000000000         0.000000000000000      
    616.0485000000000         716.0485000000000         517.2830000000000      
    617.2830000000000         717.2830000000000         518.5175000000000      
    618.5175000000000         718.5175000000000         519.7520000000000      
    619.7520000000000         719.7520000000000         520.9865000000000      
    620.9865000000000         720.9865000000000         522.2210000000000      
    0.000000000000000         0.000000000000000         0.000000000000000      
    0.000000000000000         0.000000000000000     
--- ESMCI::Array::print start ---
 Base name    = Array008
 Status: Base = Ready,  object = Ready
 Proxy        = no
 Root Info (Attributes):
    0.000000000000000         0.000000000000000     
--- ESMCI::Array::print start ---
 Base name    = Array008
 Status: Base = Ready,  object = Ready
 Proxy        = no
 Root Info (Attributes):
{}Array typekind/rank: Real*8 / 2 
~ lower class' values ~
DistGrid dimCount = 2
deCount = 4
localDeCount = 1
~ local data in LocalArray for DE 2 ~
LocalArrayPrint: Array at address 0x2c7e220:
    0.000000000000000         0.000000000000000         0.000000000000000      
    0.000000000000000         0.000000000000000         0.000000000000000      
    0.000000000000000         0.000000000000000         0.000000000000000      
    622.2210000000000         722.2210000000000         523.4555000000000      
    623.4555000000000         723.4555000000000         524.6900000000001      
    624.6900000000001         724.6900000000001     
--- ESMCI::Array::print start ---
 Base name    = Array008
 Status: Base = Ready,  object = Ready
 Proxy        = no
{}Array typekind/rank: Real*8 / 2 
~ lower class' values ~
DistGrid dimCount = 2
deCount = 4
localDeCount = 1
~ local data in LocalArray for DE 1 ~
LocalArrayPrint: Array at address 0x2c7e500:
            rank = 2, typekind = 6, base_addr = 0x2c540d0
            dim[0] = 3  dim[1] = 10  
  Real, *8, Dim 2, Data values:
( 1, 1) =  1.2345
( 2, 1) =  1.2345
( 3, 1) =  1.2345
( 1, 2) =  1.2345
( 2, 2) =  1.2345
( 3, 2) =  1.2345
( 1, 3) =  1.2345
( 2, 3) =  1.2345
( 3, 3) =  1.2345
            rank = 2, typekind = 6, base_addr = 0x2c7c230
            dim[0] = 3  dim[1] = 10  
  Real, *8, Dim 2, Data values:
( 1, 1) =  513.58
( 2, 1) =  613.58
( 3, 1) =  713.58
( 1, 2) =  514.814
( 2, 2) =  614.814
( 3, 2) =  714.814
( 1, 3) =  516.048
( 2, 3) =  616.048
( 3, 3) =  716.048
( 1, 4) =  517.283
  skipping to end ...
( 3, 7) =  720.986
    0.000000000000000         0.000000000000000         0.000000000000000      
    0.000000000000000         0.000000000000000     
--- ESMCI::Array::print start ---
 Base name    = Array008
 Status: Base = Ready,  object = Ready
 Proxy        = no
 Root Info (Attributes):
{}Array typekind/rank: Real*8 / 2 
~ lower class' values ~
DistGrid dimCount = 2
 Root Info (Attributes):
{}Array typekind/rank: Real*8 / 2 
~ lower class' values ~
DistGrid dimCount = 2
deCount = 4
localDeCount = 1
~ local data in LocalArray for DE 0 ~
LocalArrayPrint: Array at address 0x2c7bc80:
            rank = 2, typekind = 6, base_addr = 0x2c822e0
            dim[0] = 3  dim[1] = 10  
  Real, *8, Dim 2, Data values:
( 1, 1) =  513.58
( 2, 1) =  613.58
( 3, 1) =  713.58
( 1, 4) =  1.2345
  skipping to end ...
( 3, 7) =  1.2345
( 1, 8) =  1.2345
( 2, 8) =  1.2345
( 3, 8) =  1.2345
( 1, 9) =  1.2345
( 2, 9) =  1.2345
( 3, 9) =  1.2345
( 1,10) =  1.2345
( 2,10) =  1.2345
( 3,10) =  1.2345
dim 1: undistLBound[0]=1            undistUBound[0]=3
dim 2: [0]: [1 [1 [1, 10] 10] 10]
--- ESMCI::Array::print end ---
( 1, 8) =  522.221
( 2, 8) =  622.221
( 3, 8) =  722.221
( 1, 9) =  523.456
( 2, 9) =  623.456
( 3, 9) =  723.456
( 1,10) =  524.69
( 2,10) =  624.69
( 3,10) =  724.69
dim 1: undistLBound[0]=1            undistUBound[0]=3
dim 2: [0]: [1 [1 [1, 10] 10] 10]
--- ESMCI::Array::print end ---
deCount = 4
localDeCount = 1
~ local data in LocalArray for DE 3 ~
LocalArrayPrint: Array at address 0x2c7e2c0:
            rank = 2, typekind = 6, base_addr = 0x2c7c2f0
            dim[0] = 3  dim[1] = 10  
  Real, *8, Dim 2, Data values:
( 1, 1) =  5.4321
( 2, 1) =  5.4321
( 3, 1) =  5.4321
( 1, 2) =  5.4321
( 2, 2) =  5.4321
( 3, 2) =  5.4321
( 1, 3) =  5.4321
( 2, 3) =  5.4321
( 3, 3) =  5.4321
( 1, 4) =  5.4321
  skipping to end ...
( 3, 7) =  5.4321
( 1, 8) =  5.4321
( 1, 2) =  514.814
( 2, 2) =  614.814
( 3, 2) =  714.814
( 1, 3) =  516.048
( 2, 3) =  616.048
( 3, 3) =  716.048
( 1, 4) =  517.283
  skipping to end ...
( 3, 7) =  720.986
( 1, 8) =  522.221
( 2, 8) =  622.221
( 3, 8) =  722.221
( 1, 9) =  523.456
( 2, 9) =  623.456
( 3, 9) =  723.456
( 1,10) =  524.69
( 2, 8) =  5.4321
( 3, 8) =  5.4321
( 1, 9) =  5.4321
( 2, 9) =  5.4321
( 3, 9) =  5.4321
( 1,10) =  5.4321
( 2,10) =  5.4321
( 3,10) =  5.4321
dim 1: undistLBound[0]=1            undistUBound[0]=3
dim 2: [0]: [1 [1 [1, 10] 10] 10]
( 2,10) =  624.69
( 3,10) =  724.69
dim 1: undistLBound[0]=1            undistUBound[0]=3
dim 2: [0]: [1 [1 [1, 10] 10] 10]
--- ESMCI::Array::print end ---
--- ESMCI::Array::print end ---
 localPet =             1 myFarray2D2:     0.000000000000000      
    0.000000000000000         0.000000000000000         0.000000000000000      
 localPet =             2 myFarray2D2:     0.000000000000000      
    0.000000000000000         0.000000000000000         0.000000000000000      
    0.000000000000000         0.000000000000000         0.000000000000000      
 localPet =             3 myFarray2D2:     0.000000000000000      
    0.000000000000000         0.000000000000000         0.000000000000000      
    0.000000000000000         0.000000000000000         0.000000000000000      
 localPet =             0 myFarray2D2:     5.432099819183350      
    5.432099819183350         5.432099819183350         5.432099819183350      
    5.432099819183350         5.432099819183350         5.432099819183350      
    5.432099819183350         5.432099819183350         5.432099819183350      
    0.000000000000000         0.000000000000000         0.000000000000000      
    0.000000000000000         0.000000000000000         0.000000000000000      
    0.000000000000000         0.000000000000000         0.000000000000000      
    0.000000000000000         0.000000000000000         0.000000000000000      
    0.000000000000000         0.000000000000000         0.000000000000000      
    0.000000000000000         0.000000000000000         0.000000000000000      
    0.000000000000000         0.000000000000000         0.000000000000000      
    0.000000000000000         0.000000000000000         0.000000000000000      
    0.000000000000000         0.000000000000000         0.000000000000000      
    0.000000000000000         0.000000000000000         0.000000000000000      
    5.432099819183350         5.432099819183350         5.432099819183350      
    5.432099819183350         5.432099819183350         5.432099819183350      
    5.432099819183350         5.432099819183350         5.432099819183350      
    5.432099819183350         5.432099819183350         5.432099819183350      
    5.432099819183350         5.432099819183350         5.432099819183350      
    0.000000000000000         0.000000000000000         0.000000000000000      
    0.000000000000000         0.000000000000000         0.000000000000000      
    0.000000000000000         0.000000000000000         0.000000000000000      
    0.000000000000000         0.000000000000000         0.000000000000000      
    0.000000000000000         0.000000000000000         0.000000000000000      
    0.000000000000000         0.000000000000000         0.000000000000000      
    0.000000000000000         0.000000000000000         0.000000000000000      
    0.000000000000000         0.000000000000000         0.000000000000000      
    0.000000000000000         0.000000000000000         0.000000000000000      
    5.432099819183350         5.432099819183350         5.432099819183350      
    5.432099819183350         5.432099819183350     
    0.000000000000000         0.000000000000000         0.000000000000000      
    0.000000000000000         0.000000000000000         0.000000000000000      
    0.000000000000000         0.000000000000000     
    0.000000000000000         0.000000000000000         0.000000000000000      
    0.000000000000000         0.000000000000000     
    0.000000000000000         0.000000000000000     
  PASS  Example ESMF_ArrayScatterGatherEx, ESMF_ArrayScatterGatherEx.F90, line 328
  PASS  Example ESMF_ArrayScatterGatherEx, ESMF_ArrayScatterGatherEx.F90, line 328
  PASS  Example ESMF_ArrayScatterGatherEx, ESMF_ArrayScatterGatherEx.F90, line 328
  PASS  Example ESMF_ArrayScatterGatherEx, ESMF_ArrayScatterGatherEx.F90, line 328
 PASS: ESMF_ArrayScatterGatherEx.F90
 PASS: ESMF_ArrayScatterGatherEx.F90
 PASS: ESMF_ArrayScatterGatherEx.F90
 PASS: ESMF_ArrayScatterGatherEx.F90
