2022-07-14 01:54:48
 localPET=           0  localDE=           0 : array(           1 ,           1 )=   0.0000000000000000     
 localPET=           2  localDE=           0 : array(           1 ,           1 )=   0.0000000000000000     
 localPET=           2  localDE=           0 : array(           1 ,           2 )=   0.0000000000000000     
 localPET=           2  localDE=           0 : array(           2 ,           1 )=   4.2439915824246103E-314
 localPET=           3  localDE=           0 : array(           1 ,           1 )=   2.8431794142442712E-316
 localPET=           3  localDE=           0 : array(           1 ,           2 )=   1.5653743277797845E-076
 localPET=           3  localDE=           0 : array(           2 ,           1 )=   2.3331470150639042E-310
 localPET=           3  localDE=           0 : array(           2 ,           2 )=   2.1694332127220670E-028
 localPET=           0  localDE=           0 : array(           1 ,           2 )=   4.2439915829186759E-314
 localPET=           0  localDE=           0 : array(           2 ,           1 )=   4.2439915829186759E-314
 localPET=           0  localDE=           0 : array(           2 ,           2 )=   2.1219957924474693E-314
 localPET=           0  localDE=           0 : array(           3 ,           1 )=   4.2439915834127416E-314
 localPET=           0  localDE=           0 : array(           3 ,           2 )=   2.1219957919534036E-314
 localPET=           0  localDE=           1 : array(           1 ,           1 )=   2.8519334669835447E-316
 localPET=           1  localDE=           0 : array(           1 ,           1 )=   2.8519113328426110E-316
 localPET=           1  localDE=           0 : array(           1 ,           2 )=   1.0609978956308559E-313
 localPET=           1  localDE=           0 : array(           2 ,           1 )=   2.1219957914593380E-314
 localPET=           1  localDE=           0 : array(           2 ,           2 )=   1.0609978957296690E-313
 localPET=           1  localDE=           1 : array(           1 ,           1 )=   2.8520781294046470E-316
 localPET=           1  localDE=           1 : array(           2 ,           1 )=   2.3331470150631137E-310
 localPET=           2  localDE=           0 : array(           2 ,           2 )=   0.0000000000000000     
 localPET=           2  localDE=           0 : array(           3 ,           1 )=   0.0000000000000000     
 localPET=           2  localDE=           0 : array(           3 ,           2 )=   2.1694332127220670E-028
 localPET=           0  localDE=           1 : array(           2 ,           1 )=   0.0000000000000000     
 localPET=           0  localDE=           1 : array(           3 ,           1 )=   0.0000000000000000     
 localPet:            2 DE            2  [           1           3 ]
 localPet:            3 DE            3  [           1           2 ]
 localPet:            1 DE            1  [           1           2 ]
 localPet:            1 DE            5  [           1           2 ]
 localPet:            0 DE            0  [           1           3 ]
 localPet:            0 DE            4  [           1           3 ]
  PASS  Example ESMF_ArrayEx, ESMF_ArrayEx.F90, line 1899
 PASS: ESMF_ArrayEx.F90
  PASS  Example ESMF_ArrayEx, ESMF_ArrayEx.F90, line 1899
 PASS: ESMF_ArrayEx.F90
  PASS  Example ESMF_ArrayEx, ESMF_ArrayEx.F90, line 1899
 PASS: ESMF_ArrayEx.F90
  PASS  Example ESMF_ArrayEx, ESMF_ArrayEx.F90, line 1899
 PASS: ESMF_ArrayEx.F90
