2022-07-15 09:57:03
20220715 102636.533 INFO             PET0 !!!!!!!!!!!!!!!!!!!!!!!!!!!!!!!!!!!!!!!!!!!!!!!!!!!!!!
20220715 102636.533 INFO             PET0 !!! THE ESMF_LOG IS SET TO OUTPUT ALL LOG MESSAGES !!!
20220715 102636.533 INFO             PET0 !!!     THIS MAY CAUSE SLOWDOWN IN PERFORMANCE     !!!
20220715 102636.533 INFO             PET0 !!! FOR PRODUCTION RUNS, USE:                      !!!
20220715 102636.533 INFO             PET0 !!!                   ESMF_LOGKIND_Multi_On_Error  !!!
20220715 102636.533 INFO             PET0 !!!!!!!!!!!!!!!!!!!!!!!!!!!!!!!!!!!!!!!!!!!!!!!!!!!!!!
20220715 102636.533 INFO             PET0 Running with ESMF Version   : v8.4.0b04
20220715 102636.533 INFO             PET0 ESMF library build date/time: "Jul 15 2022" "09:55:04"
20220715 102636.533 INFO             PET0 ESMF library build location : /glade/scratch/dunlap/esmf-test-dev/gfortran_7.4.0_openmpi_O_develop/esmf
20220715 102636.533 INFO             PET0 ESMF_COMM                   : openmpi
20220715 102636.533 INFO             PET0 ESMF_MOAB                   : enabled
20220715 102636.533 INFO             PET0 ESMF_LAPACK                 : enabled
20220715 102636.533 INFO             PET0 ESMF_NETCDF                 : enabled
20220715 102636.533 INFO             PET0 ESMF_PNETCDF                : disabled
20220715 102636.533 INFO             PET0 ESMF_PIO                    : enabled
20220715 102636.533 INFO             PET0 ESMF_YAMLCPP                : enabled
20220715 102636.538 INFO             PET0 ESMF_FieldRedistStoreNF(): Just entered routine.
20220715 102636.600 INFO             PET0 ESMF_FieldRedistStoreNF(): Leaving routine.
20220715 102636.603 INFO             PET0  NUMBER_OF_PROCESSORS           4
20220715 102636.603 INFO             PET0  PASS  Example ESMF_RHandleFromRHandleEx, ESMF_RHandleFromRHandleEx.F90, line 660
20220715 102636.603 INFO             PET0 Finalizing ESMF
20220715 102636.533 INFO             PET1 !!!!!!!!!!!!!!!!!!!!!!!!!!!!!!!!!!!!!!!!!!!!!!!!!!!!!!
20220715 102636.533 INFO             PET1 !!! THE ESMF_LOG IS SET TO OUTPUT ALL LOG MESSAGES !!!
20220715 102636.533 INFO             PET1 !!!     THIS MAY CAUSE SLOWDOWN IN PERFORMANCE     !!!
20220715 102636.533 INFO             PET1 !!! FOR PRODUCTION RUNS, USE:                      !!!
20220715 102636.533 INFO             PET1 !!!                   ESMF_LOGKIND_Multi_On_Error  !!!
20220715 102636.533 INFO             PET1 !!!!!!!!!!!!!!!!!!!!!!!!!!!!!!!!!!!!!!!!!!!!!!!!!!!!!!
20220715 102636.533 INFO             PET1 Running with ESMF Version   : v8.4.0b04
20220715 102636.533 INFO             PET1 ESMF library build date/time: "Jul 15 2022" "09:55:04"
20220715 102636.533 INFO             PET1 ESMF library build location : /glade/scratch/dunlap/esmf-test-dev/gfortran_7.4.0_openmpi_O_develop/esmf
20220715 102636.533 INFO             PET1 ESMF_COMM                   : openmpi
20220715 102636.533 INFO             PET1 ESMF_MOAB                   : enabled
20220715 102636.533 INFO             PET1 ESMF_LAPACK                 : enabled
20220715 102636.533 INFO             PET1 ESMF_NETCDF                 : enabled
20220715 102636.533 INFO             PET1 ESMF_PNETCDF                : disabled
20220715 102636.533 INFO             PET1 ESMF_PIO                    : enabled
20220715 102636.533 INFO             PET1 ESMF_YAMLCPP                : enabled
20220715 102636.538 INFO             PET1 ESMF_FieldRedistStoreNF(): Just entered routine.
20220715 102636.600 INFO             PET1 ESMF_FieldRedistStoreNF(): Leaving routine.
20220715 102636.603 INFO             PET1  NUMBER_OF_PROCESSORS           4
20220715 102636.603 INFO             PET1  PASS  Example ESMF_RHandleFromRHandleEx, ESMF_RHandleFromRHandleEx.F90, line 660
20220715 102636.603 INFO             PET1 Finalizing ESMF
20220715 102636.534 INFO             PET2 !!!!!!!!!!!!!!!!!!!!!!!!!!!!!!!!!!!!!!!!!!!!!!!!!!!!!!
20220715 102636.534 INFO             PET2 !!! THE ESMF_LOG IS SET TO OUTPUT ALL LOG MESSAGES !!!
20220715 102636.534 INFO             PET2 !!!     THIS MAY CAUSE SLOWDOWN IN PERFORMANCE     !!!
20220715 102636.534 INFO             PET2 !!! FOR PRODUCTION RUNS, USE:                      !!!
20220715 102636.534 INFO             PET2 !!!                   ESMF_LOGKIND_Multi_On_Error  !!!
20220715 102636.534 INFO             PET2 !!!!!!!!!!!!!!!!!!!!!!!!!!!!!!!!!!!!!!!!!!!!!!!!!!!!!!
20220715 102636.534 INFO             PET2 Running with ESMF Version   : v8.4.0b04
20220715 102636.534 INFO             PET2 ESMF library build date/time: "Jul 15 2022" "09:55:04"
20220715 102636.534 INFO             PET2 ESMF library build location : /glade/scratch/dunlap/esmf-test-dev/gfortran_7.4.0_openmpi_O_develop/esmf
20220715 102636.534 INFO             PET2 ESMF_COMM                   : openmpi
20220715 102636.534 INFO             PET2 ESMF_MOAB                   : enabled
20220715 102636.534 INFO             PET2 ESMF_LAPACK                 : enabled
20220715 102636.534 INFO             PET2 ESMF_NETCDF                 : enabled
20220715 102636.534 INFO             PET2 ESMF_PNETCDF                : disabled
20220715 102636.534 INFO             PET2 ESMF_PIO                    : enabled
20220715 102636.534 INFO             PET2 ESMF_YAMLCPP                : enabled
20220715 102636.538 INFO             PET2 ESMF_FieldRedistStoreNF(): Just entered routine.
20220715 102636.600 INFO             PET2 ESMF_FieldRedistStoreNF(): Leaving routine.
20220715 102636.602 INFO             PET2  NUMBER_OF_PROCESSORS           4
20220715 102636.602 INFO             PET2  PASS  Example ESMF_RHandleFromRHandleEx, ESMF_RHandleFromRHandleEx.F90, line 660
20220715 102636.602 INFO             PET2 Finalizing ESMF
20220715 102636.533 INFO             PET3 !!!!!!!!!!!!!!!!!!!!!!!!!!!!!!!!!!!!!!!!!!!!!!!!!!!!!!
20220715 102636.533 INFO             PET3 !!! THE ESMF_LOG IS SET TO OUTPUT ALL LOG MESSAGES !!!
20220715 102636.533 INFO             PET3 !!!     THIS MAY CAUSE SLOWDOWN IN PERFORMANCE     !!!
20220715 102636.533 INFO             PET3 !!! FOR PRODUCTION RUNS, USE:                      !!!
20220715 102636.533 INFO             PET3 !!!                   ESMF_LOGKIND_Multi_On_Error  !!!
20220715 102636.533 INFO             PET3 !!!!!!!!!!!!!!!!!!!!!!!!!!!!!!!!!!!!!!!!!!!!!!!!!!!!!!
20220715 102636.533 INFO             PET3 Running with ESMF Version   : v8.4.0b04
20220715 102636.533 INFO             PET3 ESMF library build date/time: "Jul 15 2022" "09:55:04"
20220715 102636.533 INFO             PET3 ESMF library build location : /glade/scratch/dunlap/esmf-test-dev/gfortran_7.4.0_openmpi_O_develop/esmf
20220715 102636.533 INFO             PET3 ESMF_COMM                   : openmpi
20220715 102636.533 INFO             PET3 ESMF_MOAB                   : enabled
20220715 102636.533 INFO             PET3 ESMF_LAPACK                 : enabled
20220715 102636.533 INFO             PET3 ESMF_NETCDF                 : enabled
20220715 102636.533 INFO             PET3 ESMF_PNETCDF                : disabled
20220715 102636.533 INFO             PET3 ESMF_PIO                    : enabled
20220715 102636.533 INFO             PET3 ESMF_YAMLCPP                : enabled
20220715 102636.538 INFO             PET3 ESMF_FieldRedistStoreNF(): Just entered routine.
20220715 102636.600 INFO             PET3 ESMF_FieldRedistStoreNF(): Leaving routine.
20220715 102636.603 INFO             PET3  NUMBER_OF_PROCESSORS           4
20220715 102636.604 INFO             PET3  PASS  Example ESMF_RHandleFromRHandleEx, ESMF_RHandleFromRHandleEx.F90, line 660
20220715 102636.604 INFO             PET3 Finalizing ESMF
