2022-07-15 09:57:03
20220715 102853.287 INFO             PET0 !!!!!!!!!!!!!!!!!!!!!!!!!!!!!!!!!!!!!!!!!!!!!!!!!!!!!!
20220715 102853.288 INFO             PET0 !!! THE ESMF_LOG IS SET TO OUTPUT ALL LOG MESSAGES !!!
20220715 102853.288 INFO             PET0 !!!     THIS MAY CAUSE SLOWDOWN IN PERFORMANCE     !!!
20220715 102853.288 INFO             PET0 !!! FOR PRODUCTION RUNS, USE:                      !!!
20220715 102853.288 INFO             PET0 !!!                   ESMF_LOGKIND_Multi_On_Error  !!!
20220715 102853.288 INFO             PET0 !!!!!!!!!!!!!!!!!!!!!!!!!!!!!!!!!!!!!!!!!!!!!!!!!!!!!!
20220715 102853.288 INFO             PET0 Running with ESMF Version   : v8.4.0b04
20220715 102853.288 INFO             PET0 ESMF library build date/time: "Jul 15 2022" "09:55:04"
20220715 102853.288 INFO             PET0 ESMF library build location : /glade/scratch/dunlap/esmf-test-dev/gfortran_7.4.0_openmpi_O_develop/esmf
20220715 102853.288 INFO             PET0 ESMF_COMM                   : openmpi
20220715 102853.288 INFO             PET0 ESMF_MOAB                   : enabled
20220715 102853.288 INFO             PET0 ESMF_LAPACK                 : enabled
20220715 102853.288 INFO             PET0 ESMF_NETCDF                 : enabled
20220715 102853.288 INFO             PET0 ESMF_PNETCDF                : disabled
20220715 102853.288 INFO             PET0 ESMF_PIO                    : enabled
20220715 102853.288 INFO             PET0 ESMF_YAMLCPP                : enabled
20220715 102853.329 DEBUG            PET0 about to destroy Grid: 0x1f683f0
20220715 102853.333 DEBUG            PET0 about to destroy Grid: 0x1f6a2a0
20220715 102853.344 INFO             PET0  NUMBER_OF_PROCESSORS           4
20220715 102853.344 INFO             PET0  PASS  Example ESMF_NUOPCAtmModelEx, ESMF_NUOPCAtmModelEx.F90, line 806
20220715 102853.344 INFO             PET0 Finalizing ESMF
20220715 102853.289 INFO             PET1 !!!!!!!!!!!!!!!!!!!!!!!!!!!!!!!!!!!!!!!!!!!!!!!!!!!!!!
20220715 102853.289 INFO             PET1 !!! THE ESMF_LOG IS SET TO OUTPUT ALL LOG MESSAGES !!!
20220715 102853.289 INFO             PET1 !!!     THIS MAY CAUSE SLOWDOWN IN PERFORMANCE     !!!
20220715 102853.289 INFO             PET1 !!! FOR PRODUCTION RUNS, USE:                      !!!
20220715 102853.289 INFO             PET1 !!!                   ESMF_LOGKIND_Multi_On_Error  !!!
20220715 102853.289 INFO             PET1 !!!!!!!!!!!!!!!!!!!!!!!!!!!!!!!!!!!!!!!!!!!!!!!!!!!!!!
20220715 102853.289 INFO             PET1 Running with ESMF Version   : v8.4.0b04
20220715 102853.289 INFO             PET1 ESMF library build date/time: "Jul 15 2022" "09:55:04"
20220715 102853.289 INFO             PET1 ESMF library build location : /glade/scratch/dunlap/esmf-test-dev/gfortran_7.4.0_openmpi_O_develop/esmf
20220715 102853.289 INFO             PET1 ESMF_COMM                   : openmpi
20220715 102853.289 INFO             PET1 ESMF_MOAB                   : enabled
20220715 102853.289 INFO             PET1 ESMF_LAPACK                 : enabled
20220715 102853.289 INFO             PET1 ESMF_NETCDF                 : enabled
20220715 102853.289 INFO             PET1 ESMF_PNETCDF                : disabled
20220715 102853.289 INFO             PET1 ESMF_PIO                    : enabled
20220715 102853.289 INFO             PET1 ESMF_YAMLCPP                : enabled
20220715 102853.329 DEBUG            PET1 about to destroy Grid: 0x21631d0
20220715 102853.333 DEBUG            PET1 about to destroy Grid: 0x2164800
20220715 102853.344 INFO             PET1  NUMBER_OF_PROCESSORS           4
20220715 102853.344 INFO             PET1  PASS  Example ESMF_NUOPCAtmModelEx, ESMF_NUOPCAtmModelEx.F90, line 806
20220715 102853.344 INFO             PET1 Finalizing ESMF
20220715 102853.288 INFO             PET2 !!!!!!!!!!!!!!!!!!!!!!!!!!!!!!!!!!!!!!!!!!!!!!!!!!!!!!
20220715 102853.288 INFO             PET2 !!! THE ESMF_LOG IS SET TO OUTPUT ALL LOG MESSAGES !!!
20220715 102853.288 INFO             PET2 !!!     THIS MAY CAUSE SLOWDOWN IN PERFORMANCE     !!!
20220715 102853.288 INFO             PET2 !!! FOR PRODUCTION RUNS, USE:                      !!!
20220715 102853.288 INFO             PET2 !!!                   ESMF_LOGKIND_Multi_On_Error  !!!
20220715 102853.288 INFO             PET2 !!!!!!!!!!!!!!!!!!!!!!!!!!!!!!!!!!!!!!!!!!!!!!!!!!!!!!
20220715 102853.288 INFO             PET2 Running with ESMF Version   : v8.4.0b04
20220715 102853.288 INFO             PET2 ESMF library build date/time: "Jul 15 2022" "09:55:04"
20220715 102853.288 INFO             PET2 ESMF library build location : /glade/scratch/dunlap/esmf-test-dev/gfortran_7.4.0_openmpi_O_develop/esmf
20220715 102853.288 INFO             PET2 ESMF_COMM                   : openmpi
20220715 102853.288 INFO             PET2 ESMF_MOAB                   : enabled
20220715 102853.288 INFO             PET2 ESMF_LAPACK                 : enabled
20220715 102853.288 INFO             PET2 ESMF_NETCDF                 : enabled
20220715 102853.288 INFO             PET2 ESMF_PNETCDF                : disabled
20220715 102853.288 INFO             PET2 ESMF_PIO                    : enabled
20220715 102853.288 INFO             PET2 ESMF_YAMLCPP                : enabled
20220715 102853.329 DEBUG            PET2 about to destroy Grid: 0xadd500
20220715 102853.333 DEBUG            PET2 about to destroy Grid: 0xaddac0
20220715 102853.344 INFO             PET2  NUMBER_OF_PROCESSORS           4
20220715 102853.344 INFO             PET2  PASS  Example ESMF_NUOPCAtmModelEx, ESMF_NUOPCAtmModelEx.F90, line 806
20220715 102853.344 INFO             PET2 Finalizing ESMF
20220715 102853.288 INFO             PET3 !!!!!!!!!!!!!!!!!!!!!!!!!!!!!!!!!!!!!!!!!!!!!!!!!!!!!!
20220715 102853.288 INFO             PET3 !!! THE ESMF_LOG IS SET TO OUTPUT ALL LOG MESSAGES !!!
20220715 102853.288 INFO             PET3 !!!     THIS MAY CAUSE SLOWDOWN IN PERFORMANCE     !!!
20220715 102853.288 INFO             PET3 !!! FOR PRODUCTION RUNS, USE:                      !!!
20220715 102853.288 INFO             PET3 !!!                   ESMF_LOGKIND_Multi_On_Error  !!!
20220715 102853.288 INFO             PET3 !!!!!!!!!!!!!!!!!!!!!!!!!!!!!!!!!!!!!!!!!!!!!!!!!!!!!!
20220715 102853.288 INFO             PET3 Running with ESMF Version   : v8.4.0b04
20220715 102853.288 INFO             PET3 ESMF library build date/time: "Jul 15 2022" "09:55:04"
20220715 102853.288 INFO             PET3 ESMF library build location : /glade/scratch/dunlap/esmf-test-dev/gfortran_7.4.0_openmpi_O_develop/esmf
20220715 102853.288 INFO             PET3 ESMF_COMM                   : openmpi
20220715 102853.288 INFO             PET3 ESMF_MOAB                   : enabled
20220715 102853.288 INFO             PET3 ESMF_LAPACK                 : enabled
20220715 102853.288 INFO             PET3 ESMF_NETCDF                 : enabled
20220715 102853.288 INFO             PET3 ESMF_PNETCDF                : disabled
20220715 102853.288 INFO             PET3 ESMF_PIO                    : enabled
20220715 102853.288 INFO             PET3 ESMF_YAMLCPP                : enabled
20220715 102853.329 DEBUG            PET3 about to destroy Grid: 0x19b13c0
20220715 102853.333 DEBUG            PET3 about to destroy Grid: 0x19b29c0
20220715 102853.344 INFO             PET3  NUMBER_OF_PROCESSORS           4
20220715 102853.344 INFO             PET3  PASS  Example ESMF_NUOPCAtmModelEx, ESMF_NUOPCAtmModelEx.F90, line 806
20220715 102853.344 INFO             PET3 Finalizing ESMF
