2022-07-14 01:49:41
 localPET=           0  localDE=           0 : array(           1 ,           1 )=   0.0000000000000000     
 localPET=           0  localDE=           0 : array(           1 ,           2 )=   4.2439915829186759E-314
 localPET=           2  localDE=           0 : array(           1 ,           1 )=   0.0000000000000000     
 localPET=           2  localDE=           0 : array(           1 ,           2 )=   4.2439915829186759E-314
 localPET=           2  localDE=           0 : array(           2 ,           1 )=   4.2439915829186759E-314
 localPET=           2  localDE=           0 : array(           2 ,           2 )=   2.1219957924474693E-314
 localPET=           2  localDE=           0 : array(           3 ,           1 )=   4.2439915834127416E-314
 localPET=           0  localDE=           0 : array(           2 ,           1 )=   4.2439915829186759E-314
 localPET=           0  localDE=           0 : array(           2 ,           2 )=   2.1219957924474693E-314
 localPET=           0  localDE=           0 : array(           3 ,           1 )=   4.2439915834127416E-314
 localPET=           0  localDE=           0 : array(           3 ,           2 )=   2.1219957919534036E-314
 localPET=           0  localDE=           1 : array(           1 ,           1 )=   1.8166351114763962E-316
 localPET=           2  localDE=           0 : array(           3 ,           2 )=   2.1219957919534036E-314
 localPET=           1  localDE=           0 : array(           1 ,           1 )=   4.4469544448865581E-317
 localPET=           1  localDE=           0 : array(           1 ,           2 )=   1.0609978956308559E-313
 localPET=           1  localDE=           0 : array(           2 ,           1 )=   2.3562537836768951E-310
 localPET=           1  localDE=           0 : array(           2 ,           2 )=   1.0609978957296690E-313
 localPET=           1  localDE=           1 : array(           1 ,           1 )=   4.4486224105069181E-317
 localPET=           1  localDE=           1 : array(           2 ,           1 )=   2.3562537836761046E-310
 localPET=           0  localDE=           1 : array(           2 ,           1 )=   2.3717418603668337E-310
 localPET=           0  localDE=           1 : array(           3 ,           1 )=   0.0000000000000000     
 localPET=           3  localDE=           0 : array(           1 ,           1 )=   1.7024087151679667E-316
 localPET=           3  localDE=           0 : array(           1 ,           2 )=   0.0000000000000000     
 localPET=           3  localDE=           0 : array(           2 ,           1 )=   2.3581134392548817E-310
 localPET=           3  localDE=           0 : array(           2 ,           2 )=   0.0000000000000000     
 localPet:            2 DE            2  [           1           3 ]
 localPet:            3 DE            3  [           1           2 ]
 localPet:            1 DE            1  [           1           2 ]
 localPet:            1 DE            5  [           1           2 ]
 localPet:            0 DE            0  [           1           3 ]
 localPet:            0 DE            4  [           1           3 ]
  PASS  Example ESMF_ArrayEx, ESMF_ArrayEx.F90, line 1899
 PASS: ESMF_ArrayEx.F90
  PASS  Example ESMF_ArrayEx, ESMF_ArrayEx.F90, line 1899
 PASS: ESMF_ArrayEx.F90
  PASS  Example ESMF_ArrayEx, ESMF_ArrayEx.F90, line 1899
 PASS: ESMF_ArrayEx.F90
  PASS  Example ESMF_ArrayEx, ESMF_ArrayEx.F90, line 1899
 PASS: ESMF_ArrayEx.F90
