2022-07-14 01:49:41
20220714 022556.378 INFO             PET0 !!!!!!!!!!!!!!!!!!!!!!!!!!!!!!!!!!!!!!!!!!!!!!!!!!!!!!
20220714 022556.378 INFO             PET0 !!! THE ESMF_LOG IS SET TO OUTPUT ALL LOG MESSAGES !!!
20220714 022556.378 INFO             PET0 !!!     THIS MAY CAUSE SLOWDOWN IN PERFORMANCE     !!!
20220714 022556.378 INFO             PET0 !!! FOR PRODUCTION RUNS, USE:                      !!!
20220714 022556.378 INFO             PET0 !!!                   ESMF_LOGKIND_Multi_On_Error  !!!
20220714 022556.378 INFO             PET0 !!!!!!!!!!!!!!!!!!!!!!!!!!!!!!!!!!!!!!!!!!!!!!!!!!!!!!
20220714 022556.378 INFO             PET0 Running with ESMF Version   : v8.4.0b04
20220714 022556.378 INFO             PET0 ESMF library build date/time: "Jul 14 2022" "01:46:36"
20220714 022556.378 INFO             PET0 ESMF library build location : /glade/scratch/dunlap/esmf-test-dev/gfortran_9.1.0_openmpi_g_develop/esmf
20220714 022556.378 INFO             PET0 ESMF_COMM                   : openmpi
20220714 022556.378 INFO             PET0 ESMF_MOAB                   : enabled
20220714 022556.378 INFO             PET0 ESMF_LAPACK                 : enabled
20220714 022556.378 INFO             PET0 ESMF_NETCDF                 : enabled
20220714 022556.378 INFO             PET0 ESMF_PNETCDF                : disabled
20220714 022556.378 INFO             PET0 ESMF_PIO                    : enabled
20220714 022556.378 INFO             PET0 ESMF_YAMLCPP                : enabled
20220714 022556.379 INFO             PET0  NUMBER_OF_PROCESSORS           1
20220714 022556.379 INFO             PET0  PASS  Example ESMF_ClockEx, ESMF_ClockEx.F90, line 220
20220714 022556.379 INFO             PET0 Finalizing ESMF
