2022-07-15 09:57:40
20220715 103338.612 INFO             PET0 !!!!!!!!!!!!!!!!!!!!!!!!!!!!!!!!!!!!!!!!!!!!!!!!!!!!!!
20220715 103338.612 INFO             PET0 !!! THE ESMF_LOG IS SET TO OUTPUT ALL LOG MESSAGES !!!
20220715 103338.612 INFO             PET0 !!!     THIS MAY CAUSE SLOWDOWN IN PERFORMANCE     !!!
20220715 103338.612 INFO             PET0 !!! FOR PRODUCTION RUNS, USE:                      !!!
20220715 103338.612 INFO             PET0 !!!                   ESMF_LOGKIND_Multi_On_Error  !!!
20220715 103338.612 INFO             PET0 !!!!!!!!!!!!!!!!!!!!!!!!!!!!!!!!!!!!!!!!!!!!!!!!!!!!!!
20220715 103338.612 INFO             PET0 Running with ESMF Version   : v8.4.0b04
20220715 103338.612 INFO             PET0 ESMF library build date/time: "Jul 15 2022" "09:54:38"
20220715 103338.612 INFO             PET0 ESMF library build location : /glade/scratch/dunlap/esmf-test-dev/gfortran_9.1.0_openmpi_g_develop/esmf
20220715 103338.612 INFO             PET0 ESMF_COMM                   : openmpi
20220715 103338.612 INFO             PET0 ESMF_MOAB                   : enabled
20220715 103338.612 INFO             PET0 ESMF_LAPACK                 : enabled
20220715 103338.612 INFO             PET0 ESMF_NETCDF                 : enabled
20220715 103338.612 INFO             PET0 ESMF_PNETCDF                : disabled
20220715 103338.612 INFO             PET0 ESMF_PIO                    : enabled
20220715 103338.612 INFO             PET0 ESMF_YAMLCPP                : enabled
20220715 103338.739 DEBUG            PET0 about to destroy Grid: 0x2805360
20220715 103338.753 DEBUG            PET0 about to destroy Grid: 0x28075d0
20220715 103338.792 INFO             PET0  NUMBER_OF_PROCESSORS           4
20220715 103338.792 INFO             PET0  PASS  Example ESMF_NUOPCAtmModelEx, ESMF_NUOPCAtmModelEx.F90, line 806
20220715 103338.792 INFO             PET0 Finalizing ESMF
20220715 103338.612 INFO             PET1 !!!!!!!!!!!!!!!!!!!!!!!!!!!!!!!!!!!!!!!!!!!!!!!!!!!!!!
20220715 103338.613 INFO             PET1 !!! THE ESMF_LOG IS SET TO OUTPUT ALL LOG MESSAGES !!!
20220715 103338.613 INFO             PET1 !!!     THIS MAY CAUSE SLOWDOWN IN PERFORMANCE     !!!
20220715 103338.613 INFO             PET1 !!! FOR PRODUCTION RUNS, USE:                      !!!
20220715 103338.613 INFO             PET1 !!!                   ESMF_LOGKIND_Multi_On_Error  !!!
20220715 103338.613 INFO             PET1 !!!!!!!!!!!!!!!!!!!!!!!!!!!!!!!!!!!!!!!!!!!!!!!!!!!!!!
20220715 103338.613 INFO             PET1 Running with ESMF Version   : v8.4.0b04
20220715 103338.613 INFO             PET1 ESMF library build date/time: "Jul 15 2022" "09:54:38"
20220715 103338.613 INFO             PET1 ESMF library build location : /glade/scratch/dunlap/esmf-test-dev/gfortran_9.1.0_openmpi_g_develop/esmf
20220715 103338.613 INFO             PET1 ESMF_COMM                   : openmpi
20220715 103338.613 INFO             PET1 ESMF_MOAB                   : enabled
20220715 103338.613 INFO             PET1 ESMF_LAPACK                 : enabled
20220715 103338.613 INFO             PET1 ESMF_NETCDF                 : enabled
20220715 103338.613 INFO             PET1 ESMF_PNETCDF                : disabled
20220715 103338.613 INFO             PET1 ESMF_PIO                    : enabled
20220715 103338.613 INFO             PET1 ESMF_YAMLCPP                : enabled
20220715 103338.739 DEBUG            PET1 about to destroy Grid: 0x1a730e0
20220715 103338.753 DEBUG            PET1 about to destroy Grid: 0x1a74200
20220715 103338.792 INFO             PET1  NUMBER_OF_PROCESSORS           4
20220715 103338.792 INFO             PET1  PASS  Example ESMF_NUOPCAtmModelEx, ESMF_NUOPCAtmModelEx.F90, line 806
20220715 103338.792 INFO             PET1 Finalizing ESMF
20220715 103338.611 INFO             PET2 !!!!!!!!!!!!!!!!!!!!!!!!!!!!!!!!!!!!!!!!!!!!!!!!!!!!!!
20220715 103338.612 INFO             PET2 !!! THE ESMF_LOG IS SET TO OUTPUT ALL LOG MESSAGES !!!
20220715 103338.612 INFO             PET2 !!!     THIS MAY CAUSE SLOWDOWN IN PERFORMANCE     !!!
20220715 103338.612 INFO             PET2 !!! FOR PRODUCTION RUNS, USE:                      !!!
20220715 103338.612 INFO             PET2 !!!                   ESMF_LOGKIND_Multi_On_Error  !!!
20220715 103338.612 INFO             PET2 !!!!!!!!!!!!!!!!!!!!!!!!!!!!!!!!!!!!!!!!!!!!!!!!!!!!!!
20220715 103338.612 INFO             PET2 Running with ESMF Version   : v8.4.0b04
20220715 103338.612 INFO             PET2 ESMF library build date/time: "Jul 15 2022" "09:54:38"
20220715 103338.612 INFO             PET2 ESMF library build location : /glade/scratch/dunlap/esmf-test-dev/gfortran_9.1.0_openmpi_g_develop/esmf
20220715 103338.612 INFO             PET2 ESMF_COMM                   : openmpi
20220715 103338.612 INFO             PET2 ESMF_MOAB                   : enabled
20220715 103338.612 INFO             PET2 ESMF_LAPACK                 : enabled
20220715 103338.612 INFO             PET2 ESMF_NETCDF                 : enabled
20220715 103338.612 INFO             PET2 ESMF_PNETCDF                : disabled
20220715 103338.612 INFO             PET2 ESMF_PIO                    : enabled
20220715 103338.612 INFO             PET2 ESMF_YAMLCPP                : enabled
20220715 103338.739 DEBUG            PET2 about to destroy Grid: 0x23473a0
20220715 103338.753 DEBUG            PET2 about to destroy Grid: 0x2348490
20220715 103338.792 INFO             PET2  NUMBER_OF_PROCESSORS           4
20220715 103338.792 INFO             PET2  PASS  Example ESMF_NUOPCAtmModelEx, ESMF_NUOPCAtmModelEx.F90, line 806
20220715 103338.792 INFO             PET2 Finalizing ESMF
20220715 103338.612 INFO             PET3 !!!!!!!!!!!!!!!!!!!!!!!!!!!!!!!!!!!!!!!!!!!!!!!!!!!!!!
20220715 103338.612 INFO             PET3 !!! THE ESMF_LOG IS SET TO OUTPUT ALL LOG MESSAGES !!!
20220715 103338.612 INFO             PET3 !!!     THIS MAY CAUSE SLOWDOWN IN PERFORMANCE     !!!
20220715 103338.612 INFO             PET3 !!! FOR PRODUCTION RUNS, USE:                      !!!
20220715 103338.612 INFO             PET3 !!!                   ESMF_LOGKIND_Multi_On_Error  !!!
20220715 103338.612 INFO             PET3 !!!!!!!!!!!!!!!!!!!!!!!!!!!!!!!!!!!!!!!!!!!!!!!!!!!!!!
20220715 103338.612 INFO             PET3 Running with ESMF Version   : v8.4.0b04
20220715 103338.612 INFO             PET3 ESMF library build date/time: "Jul 15 2022" "09:54:38"
20220715 103338.612 INFO             PET3 ESMF library build location : /glade/scratch/dunlap/esmf-test-dev/gfortran_9.1.0_openmpi_g_develop/esmf
20220715 103338.612 INFO             PET3 ESMF_COMM                   : openmpi
20220715 103338.612 INFO             PET3 ESMF_MOAB                   : enabled
20220715 103338.612 INFO             PET3 ESMF_LAPACK                 : enabled
20220715 103338.612 INFO             PET3 ESMF_NETCDF                 : enabled
20220715 103338.612 INFO             PET3 ESMF_PNETCDF                : disabled
20220715 103338.612 INFO             PET3 ESMF_PIO                    : enabled
20220715 103338.612 INFO             PET3 ESMF_YAMLCPP                : enabled
20220715 103338.739 DEBUG            PET3 about to destroy Grid: 0x1b3a7a0
20220715 103338.753 DEBUG            PET3 about to destroy Grid: 0x1b3b850
20220715 103338.793 INFO             PET3  NUMBER_OF_PROCESSORS           4
20220715 103338.793 INFO             PET3  PASS  Example ESMF_NUOPCAtmModelEx, ESMF_NUOPCAtmModelEx.F90, line 806
20220715 103338.793 INFO             PET3 Finalizing ESMF
