2022-07-14 02:12:21
20220714 023049.732 INFO             PET0 !!!!!!!!!!!!!!!!!!!!!!!!!!!!!!!!!!!!!!!!!!!!!!!!!!!!!!
20220714 023049.732 INFO             PET0 !!! THE ESMF_LOG IS SET TO OUTPUT ALL LOG MESSAGES !!!
20220714 023049.732 INFO             PET0 !!!     THIS MAY CAUSE SLOWDOWN IN PERFORMANCE     !!!
20220714 023049.732 INFO             PET0 !!! FOR PRODUCTION RUNS, USE:                      !!!
20220714 023049.732 INFO             PET0 !!!                   ESMF_LOGKIND_Multi_On_Error  !!!
20220714 023049.732 INFO             PET0 !!!!!!!!!!!!!!!!!!!!!!!!!!!!!!!!!!!!!!!!!!!!!!!!!!!!!!
20220714 023049.732 INFO             PET0 Running with ESMF Version   : v8.4.0b04
20220714 023049.732 INFO             PET0 ESMF library build date/time: "Jul 14 2022" "02:10:56"
20220714 023049.732 INFO             PET0 ESMF library build location : /project/esmf/rocky/esmf-test-dev/gfortran_11.2.0_openmpi_g_develop/esmf
20220714 023049.732 INFO             PET0 ESMF_COMM                   : openmpi
20220714 023049.732 INFO             PET0 ESMF_MOAB                   : enabled
20220714 023049.732 INFO             PET0 ESMF_LAPACK                 : enabled
20220714 023049.732 INFO             PET0 ESMF_NETCDF                 : enabled
20220714 023049.732 INFO             PET0 ESMF_PNETCDF                : disabled
20220714 023049.732 INFO             PET0 ESMF_PIO                    : enabled
20220714 023049.732 INFO             PET0 ESMF_YAMLCPP                : enabled
20220714 023049.733 INFO             PET0  NUMBER_OF_PROCESSORS           1
20220714 023049.733 INFO             PET0  PASS  Example ESMF_AlarmEx, ESMF_AlarmEx.F90, line 244
20220714 023049.733 INFO             PET0 Finalizing ESMF
