2022-07-14 02:12:21
20220714 023221.728 INFO             PET0 !!!!!!!!!!!!!!!!!!!!!!!!!!!!!!!!!!!!!!!!!!!!!!!!!!!!!!
20220714 023221.729 INFO             PET0 !!! THE ESMF_LOG IS SET TO OUTPUT ALL LOG MESSAGES !!!
20220714 023221.729 INFO             PET0 !!!     THIS MAY CAUSE SLOWDOWN IN PERFORMANCE     !!!
20220714 023221.729 INFO             PET0 !!! FOR PRODUCTION RUNS, USE:                      !!!
20220714 023221.729 INFO             PET0 !!!                   ESMF_LOGKIND_Multi_On_Error  !!!
20220714 023221.729 INFO             PET0 !!!!!!!!!!!!!!!!!!!!!!!!!!!!!!!!!!!!!!!!!!!!!!!!!!!!!!
20220714 023221.729 INFO             PET0 Running with ESMF Version   : v8.4.0b04
20220714 023221.729 INFO             PET0 ESMF library build date/time: "Jul 14 2022" "02:10:56"
20220714 023221.729 INFO             PET0 ESMF library build location : /project/esmf/rocky/esmf-test-dev/gfortran_11.2.0_openmpi_g_develop/esmf
20220714 023221.729 INFO             PET0 ESMF_COMM                   : openmpi
20220714 023221.729 INFO             PET0 ESMF_MOAB                   : enabled
20220714 023221.729 INFO             PET0 ESMF_LAPACK                 : enabled
20220714 023221.729 INFO             PET0 ESMF_NETCDF                 : enabled
20220714 023221.729 INFO             PET0 ESMF_PNETCDF                : disabled
20220714 023221.729 INFO             PET0 ESMF_PIO                    : enabled
20220714 023221.729 INFO             PET0 ESMF_YAMLCPP                : enabled
20220714 023221.831 DEBUG            PET0 about to destroy Grid: 0x7fa92e83fc00
20220714 023221.841 DEBUG            PET0 about to destroy Grid: 0x7fa92e840800
20220714 023221.870 INFO             PET0  NUMBER_OF_PROCESSORS           4
20220714 023221.870 INFO             PET0  PASS  Example ESMF_NUOPCAtmModelEx, ESMF_NUOPCAtmModelEx.F90, line 806
20220714 023221.870 INFO             PET0 Finalizing ESMF
20220714 023221.728 INFO             PET1 !!!!!!!!!!!!!!!!!!!!!!!!!!!!!!!!!!!!!!!!!!!!!!!!!!!!!!
20220714 023221.729 INFO             PET1 !!! THE ESMF_LOG IS SET TO OUTPUT ALL LOG MESSAGES !!!
20220714 023221.729 INFO             PET1 !!!     THIS MAY CAUSE SLOWDOWN IN PERFORMANCE     !!!
20220714 023221.729 INFO             PET1 !!! FOR PRODUCTION RUNS, USE:                      !!!
20220714 023221.729 INFO             PET1 !!!                   ESMF_LOGKIND_Multi_On_Error  !!!
20220714 023221.729 INFO             PET1 !!!!!!!!!!!!!!!!!!!!!!!!!!!!!!!!!!!!!!!!!!!!!!!!!!!!!!
20220714 023221.729 INFO             PET1 Running with ESMF Version   : v8.4.0b04
20220714 023221.729 INFO             PET1 ESMF library build date/time: "Jul 14 2022" "02:10:56"
20220714 023221.729 INFO             PET1 ESMF library build location : /project/esmf/rocky/esmf-test-dev/gfortran_11.2.0_openmpi_g_develop/esmf
20220714 023221.729 INFO             PET1 ESMF_COMM                   : openmpi
20220714 023221.729 INFO             PET1 ESMF_MOAB                   : enabled
20220714 023221.729 INFO             PET1 ESMF_LAPACK                 : enabled
20220714 023221.729 INFO             PET1 ESMF_NETCDF                 : enabled
20220714 023221.729 INFO             PET1 ESMF_PNETCDF                : disabled
20220714 023221.729 INFO             PET1 ESMF_PIO                    : enabled
20220714 023221.729 INFO             PET1 ESMF_YAMLCPP                : enabled
20220714 023221.831 DEBUG            PET1 about to destroy Grid: 0x7f7999841a00
20220714 023221.841 DEBUG            PET1 about to destroy Grid: 0x7f7999838200
20220714 023221.870 INFO             PET1  NUMBER_OF_PROCESSORS           4
20220714 023221.870 INFO             PET1  PASS  Example ESMF_NUOPCAtmModelEx, ESMF_NUOPCAtmModelEx.F90, line 806
20220714 023221.870 INFO             PET1 Finalizing ESMF
20220714 023221.728 INFO             PET2 !!!!!!!!!!!!!!!!!!!!!!!!!!!!!!!!!!!!!!!!!!!!!!!!!!!!!!
20220714 023221.729 INFO             PET2 !!! THE ESMF_LOG IS SET TO OUTPUT ALL LOG MESSAGES !!!
20220714 023221.729 INFO             PET2 !!!     THIS MAY CAUSE SLOWDOWN IN PERFORMANCE     !!!
20220714 023221.729 INFO             PET2 !!! FOR PRODUCTION RUNS, USE:                      !!!
20220714 023221.729 INFO             PET2 !!!                   ESMF_LOGKIND_Multi_On_Error  !!!
20220714 023221.729 INFO             PET2 !!!!!!!!!!!!!!!!!!!!!!!!!!!!!!!!!!!!!!!!!!!!!!!!!!!!!!
20220714 023221.729 INFO             PET2 Running with ESMF Version   : v8.4.0b04
20220714 023221.729 INFO             PET2 ESMF library build date/time: "Jul 14 2022" "02:10:56"
20220714 023221.729 INFO             PET2 ESMF library build location : /project/esmf/rocky/esmf-test-dev/gfortran_11.2.0_openmpi_g_develop/esmf
20220714 023221.729 INFO             PET2 ESMF_COMM                   : openmpi
20220714 023221.729 INFO             PET2 ESMF_MOAB                   : enabled
20220714 023221.729 INFO             PET2 ESMF_LAPACK                 : enabled
20220714 023221.729 INFO             PET2 ESMF_NETCDF                 : enabled
20220714 023221.729 INFO             PET2 ESMF_PNETCDF                : disabled
20220714 023221.729 INFO             PET2 ESMF_PIO                    : enabled
20220714 023221.729 INFO             PET2 ESMF_YAMLCPP                : enabled
20220714 023221.831 DEBUG            PET2 about to destroy Grid: 0x7fd095810c00
20220714 023221.841 DEBUG            PET2 about to destroy Grid: 0x7fd09580ac00
20220714 023221.870 INFO             PET2  NUMBER_OF_PROCESSORS           4
20220714 023221.870 INFO             PET2  PASS  Example ESMF_NUOPCAtmModelEx, ESMF_NUOPCAtmModelEx.F90, line 806
20220714 023221.870 INFO             PET2 Finalizing ESMF
20220714 023221.728 INFO             PET3 !!!!!!!!!!!!!!!!!!!!!!!!!!!!!!!!!!!!!!!!!!!!!!!!!!!!!!
20220714 023221.729 INFO             PET3 !!! THE ESMF_LOG IS SET TO OUTPUT ALL LOG MESSAGES !!!
20220714 023221.729 INFO             PET3 !!!     THIS MAY CAUSE SLOWDOWN IN PERFORMANCE     !!!
20220714 023221.729 INFO             PET3 !!! FOR PRODUCTION RUNS, USE:                      !!!
20220714 023221.729 INFO             PET3 !!!                   ESMF_LOGKIND_Multi_On_Error  !!!
20220714 023221.729 INFO             PET3 !!!!!!!!!!!!!!!!!!!!!!!!!!!!!!!!!!!!!!!!!!!!!!!!!!!!!!
20220714 023221.729 INFO             PET3 Running with ESMF Version   : v8.4.0b04
20220714 023221.729 INFO             PET3 ESMF library build date/time: "Jul 14 2022" "02:10:56"
20220714 023221.729 INFO             PET3 ESMF library build location : /project/esmf/rocky/esmf-test-dev/gfortran_11.2.0_openmpi_g_develop/esmf
20220714 023221.729 INFO             PET3 ESMF_COMM                   : openmpi
20220714 023221.729 INFO             PET3 ESMF_MOAB                   : enabled
20220714 023221.729 INFO             PET3 ESMF_LAPACK                 : enabled
20220714 023221.729 INFO             PET3 ESMF_NETCDF                 : enabled
20220714 023221.729 INFO             PET3 ESMF_PNETCDF                : disabled
20220714 023221.729 INFO             PET3 ESMF_PIO                    : enabled
20220714 023221.729 INFO             PET3 ESMF_YAMLCPP                : enabled
20220714 023221.831 DEBUG            PET3 about to destroy Grid: 0x7fcd5d029c00
20220714 023221.841 DEBUG            PET3 about to destroy Grid: 0x7fcd5d02a800
20220714 023221.870 INFO             PET3  NUMBER_OF_PROCESSORS           4
20220714 023221.870 INFO             PET3  PASS  Example ESMF_NUOPCAtmModelEx, ESMF_NUOPCAtmModelEx.F90, line 806
20220714 023221.870 INFO             PET3 Finalizing ESMF
