 
--------------------------------------------------------------
ESMF_VERSION_STRING:    8.4.0 beta snapshot
v8.4.0b04
--------------------------------------------------------------
On branch develop
Your branch is up to date with 'origin/develop'.

nothing to commit, working tree clean
--------------------------------------------------------------
 
--------------------------------------------------------------
Make version:
GNU Make 3.81
Copyright (C) 2006  Free Software Foundation, Inc.
This is free software; see the source for copying conditions.
There is NO warranty; not even for MERCHANTABILITY or FITNESS FOR A
PARTICULAR PURPOSE.

This program built for i386-apple-darwin11.3.0

--------------------------------------------------------------
CMake version:
cmake version 3.22.3

CMake suite maintained and supported by Kitware (kitware.com/cmake).

--------------------------------------------------------------
Fortran Compiler version:
GNU Fortran (MacPorts gcc11 11.2.0_3) 11.2.0
Copyright (C) 2021 Free Software Foundation, Inc.
This is free software; see the source for copying conditions.  There is NO
warranty; not even for MERCHANTABILITY or FITNESS FOR A PARTICULAR PURPOSE.


--------------------------------------------------------------
C++ Compiler version:
g++ (MacPorts gcc11 11.2.0_3) 11.2.0
Copyright (C) 2021 Free Software Foundation, Inc.
This is free software; see the source for copying conditions.  There is NO
warranty; not even for MERCHANTABILITY or FITNESS FOR A PARTICULAR PURPOSE.


--------------------------------------------------------------
C Compiler version:
gcc (MacPorts gcc11 11.2.0_3) 11.2.0
Copyright (C) 2021 Free Software Foundation, Inc.
This is free software; see the source for copying conditions.  There is NO
warranty; not even for MERCHANTABILITY or FITNESS FOR A PARTICULAR PURPOSE.


--------------------------------------------------------------
Preprocessor version:
gcc (MacPorts gcc11 11.2.0_3) 11.2.0
Copyright (C) 2021 Free Software Foundation, Inc.
This is free software; see the source for copying conditions.  There is NO
warranty; not even for MERCHANTABILITY or FITNESS FOR A PARTICULAR PURPOSE.

--------------------------------------------------------------
NetCDF library version: netCDF 4.7.4
NetCDF Fortran version: netCDF-Fortran 4.5.3
 
--------------------------------------------------------------
 * User set ESMF environment variables *
ESMF_BOPT=O
ESMF_COMM=openmpi
ESMF_COMPILER=gfortran
ESMF_DIR=/project/esmf/rocky/esmf-test-dev/gfortran_11.2.0_openmpi_O_develop/esmf
ESMF_MPILAUNCHOPTIONS=--oversubscribe
ESMF_NETCDF=nc-config
ESMF_TESTEXHAUSTIVE=ON
ESMF_TESTWITHTHREADS=ON
 
--------------------------------------------------------------
 * ESMF environment variables *
ESMF_DIR: /project/esmf/rocky/esmf-test-dev/gfortran_11.2.0_openmpi_O_develop/esmf
ESMF_OS:                Darwin
ESMF_MACHINE:           x86_64
ESMF_ABI:               64
ESMF_COMPILER:          gfortran
ESMF_BOPT:              O
ESMF_COMM:              openmpi
ESMF_SITE:              default
ESMF_PTHREADS:          ON
ESMF_OPENMP:            ON
ESMF_OPENACC:           OFF
ESMF_CXXSTD:            11
ESMF_ARRAY_LITE:        FALSE
ESMF_NO_INTEGER_1_BYTE: TRUE
ESMF_NO_INTEGER_2_BYTE: TRUE
ESMF_FORTRANSYMBOLS:    default
ESMF_MAPPER_BUILD:      OFF
ESMF_AUTO_LIB_BUILD:    ON
ESMF_DEFER_LIB_BUILD:   ON
ESMF_SHARED_LIB_BUILD:  ON
ESMF_TRACE_LIB_BUILD:   ON
ESMF_TRACE_BUILD_SHARED:ON
ESMF_TESTEXHAUSTIVE:    ON
ESMF_TESTCOMPTUNNEL:    ON
ESMF_TESTWITHTHREADS:   ON
ESMF_TESTMPMD:          OFF
ESMF_TESTSHAREDOBJ:     OFF
ESMF_TESTFORCEOPENMP:   OFF
ESMF_TESTFORCEOPENACC:  OFF
ESMF_TESTHARNESS_ARRAY: default
ESMF_TESTHARNESS_FIELD: default
ESMF_MPIRUN:            mpirun --oversubscribe
ESMF_MPILAUNCHOPTIONS:  --oversubscribe
 
--------------------------------------------------------------
 * ESMF environment variables pointing to 3rd party software *
ESMF_MOAB:               internal
ESMF_LAPACK:             internal
ESMF_ACC_SOFTWARE_STACK: none
ESMF_NETCDF:             nc-config
ESMF_NETCDF_INCLUDE:     /project/esmf/stack/install/gcc/11.2.0/netcdf/4.7.4/include
ESMF_NETCDF_LIBS:        -lnetcdf
ESMF_NETCDF_LIBPATH:     /project/esmf/stack/install/gcc/11.2.0/netcdf/4.7.4/lib
ESMF_NFCONFIG:           nf-config
ESMF_NETCDFF_INCLUDE:    /project/esmf/stack/install/gcc/11.2.0/netcdf/4.7.4/include
ESMF_NETCDFF_LIBS:       -lnetcdff
ESMF_NETCDFF_LIBPATH:    /project/esmf/stack/install/gcc/11.2.0/netcdf/4.7.4/lib
ESMF_PIO:                internal
ESMF_PIO_LIBS:           -lpioc
ESMF_YAMLCPP:            internal
 
--------------------------------------------------------------
 * ESMF environment variables for final installation *
ESMF_INSTALL_PREFIX:    ./DEFAULTINSTALLDIR
ESMF_INSTALL_HEADERDIR: include
ESMF_INSTALL_MODDIR:    mod/modO/Darwin.gfortran.64.openmpi.default
ESMF_INSTALL_LIBDIR:    lib/libO/Darwin.gfortran.64.openmpi.default
ESMF_INSTALL_BINDIR:    bin/binO/Darwin.gfortran.64.openmpi.default
ESMF_INSTALL_DOCDIR:    doc
 
--------------------------------------------------------------
 * ESMF Benchmark directory and parameters *
ESMF_BENCHMARK_PREFIX:         ./DEFAULTBENCHMARKDIR
ESMF_BENCHMARK_TOLERANCE:      20%
ESMF_BENCHMARK_THRESHOLD_MSEC: 500
 
--------------------------------------------------------------
 * Other relevant environment variables *
PATH:    /project/esmf/stack/install/gcc/11.2.0/netcdf/4.7.4/bin:/project/esmf/stack/install/gcc/11.2.0/openmpi/4.1.0/bin:/opt/local/bin:/opt/local/sbin:/usr/local/bin:/usr/bin:/bin:/usr/sbin:/sbin:/opt/X11/bin:/Library/Apple/usr/bin:/project/esmf/stack/install/gcc/11.2.0/modules/5.0.1/bin
LD_LIBRARY_PATH: /project/esmf/stack/install/gcc/11.2.0/netcdf/4.7.4/lib:/project/esmf/stack/install/gcc/11.2.0/openmpi/4.1.0/lib:/opt/local/lib
 
--------------------------------------------------------------
 * Compilers, Linkers, Flags, and Libraries *
Location of the preprocessor:      /opt/local/bin/gcc
Location of the Fortran compiler:  /project/esmf/stack/install/gcc/11.2.0/openmpi/4.1.0/bin/mpifort
Location of the Fortran linker:    /project/esmf/stack/install/gcc/11.2.0/openmpi/4.1.0/bin/mpifort
Location of the C++ compiler:      /project/esmf/stack/install/gcc/11.2.0/openmpi/4.1.0/bin/mpicxx
Location of the C++ linker:        /project/esmf/stack/install/gcc/11.2.0/openmpi/4.1.0/bin/mpicxx
Location of the C compiler:        /project/esmf/stack/install/gcc/11.2.0/openmpi/4.1.0/bin/mpicc
Location of the C linker:          /project/esmf/stack/install/gcc/11.2.0/openmpi/4.1.0/bin/mpicc

Fortran compiler flags:
ESMF_F90COMPILER: mpifort
ESMF_F90COMPILEOPTS: -O   -m64 -mcmodel=small -pthread -ffree-line-length-none  -fopenmp
ESMF_F90COMPILEPATHS: -I/project/esmf/rocky/esmf-test-dev/gfortran_11.2.0_openmpi_O_develop/esmf/mod/modO/Darwin.gfortran.64.openmpi.default -I/project/esmf/rocky/esmf-test-dev/gfortran_11.2.0_openmpi_O_develop/esmf/src/include -I/project/esmf/stack/install/gcc/11.2.0/netcdf/4.7.4/include -I/project/esmf/stack/install/gcc/11.2.0/netcdf/4.7.4/include
ESMF_F90COMPILECPPFLAGS: -DESMF_NO_INTEGER_1_BYTE -DESMF_NO_INTEGER_2_BYTE -DESMF_VERSION_STRING_GIT='v8.4.0b04' -DESMF_MOAB=1 -DESMF_LAPACK=1 -DESMF_LAPACK_INTERNAL=1 -DESMF_NO_ACC_SOFTWARE_STACK=1 -DESMF_NETCDF=1 -DESMF_YAMLCPP=1 -DESMF_YAML=1 -DESMF_PIO=1 -DESMF_NO_OPENACC -DESMF_TESTEXHAUSTIVE -DESMF_BOPT_O -DESMF_TESTCOMPTUNNEL -DESMF_TESTWITHTHREADS -DSx86_64_small=1 -DESMF_OS_Darwin=1 -DESMF_COMM=openmpi -DESMF_DIR=/project/esmf/rocky/esmf-test-dev/gfortran_11.2.0_openmpi_O_develop/esmf
ESMF_F90COMPILEFREECPP: 
ESMF_F90COMPILEFREENOCPP: -ffree-form
ESMF_F90COMPILEFIXCPP: -cpp -ffixed-form
ESMF_F90COMPILEFIXNOCPP: 

Fortran linker flags:
ESMF_F90LINKOPTS:    -m64 -mcmodel=small -pthread  -fopenmp
ESMF_F90LINKPATHS: -L/project/esmf/rocky/esmf-test-dev/gfortran_11.2.0_openmpi_O_develop/esmf/lib/libO/Darwin.gfortran.64.openmpi.default -L/project/esmf/stack/install/gcc/11.2.0/netcdf/4.7.4/lib -L/project/esmf/stack/install/gcc/11.2.0/netcdf/4.7.4/lib -L/opt/local/lib/gcc11/gcc/x86_64-apple-darwin21/11.2.0/../../../
ESMF_F90LINKRPATHS: 
ESMF_F90LINKLIBS:   -lstdc++ -lnetcdf -lnetcdff -lpioc
ESMF_F90ESMFLINKLIBS: -lesmf   -lstdc++ -lnetcdf -lnetcdff -lpioc

C++ compiler flags:
ESMF_CXXCOMPILER: mpicxx
ESMF_CXXCOMPILEOPTS: -std=c++11 -O -DNDEBUG  -DESMF_LOWERCASE_SINGLEUNDERSCORE -m64 -mcmodel=small -pthread  -fopenmp
ESMF_CXXCOMPILEPATHS:  -I/project/esmf/rocky/esmf-test-dev/gfortran_11.2.0_openmpi_O_develop/esmf/src/include  -I/project/esmf/stack/install/gcc/11.2.0/netcdf/4.7.4/include -I/project/esmf/rocky/esmf-test-dev/gfortran_11.2.0_openmpi_O_develop/esmf/src/prologue/yaml-cpp/include
ESMF_CXXCOMPILECPPFLAGS: -DESMF_NO_INTEGER_1_BYTE -DESMF_NO_INTEGER_2_BYTE -DESMF_VERSION_STRING_GIT='v8.4.0b04' -DESMF_MOAB=1 -DESMF_LAPACK=1 -DESMF_LAPACK_INTERNAL=1 -DESMF_NO_ACC_SOFTWARE_STACK=1 -DESMF_NETCDF=1 -DESMF_YAMLCPP=1 -DESMF_YAML=1 -DESMF_PIO=1 -DESMF_NO_OPENACC -DESMF_TESTEXHAUSTIVE -DESMF_BOPT_O -DESMF_TESTCOMPTUNNEL -DESMF_TESTWITHTHREADS -DSx86_64_small=1 -DESMF_OS_Darwin=1 -DESMF_COMM=openmpi -DESMF_DIR=/project/esmf/rocky/esmf-test-dev/gfortran_11.2.0_openmpi_O_develop/esmf -D__SDIR__='' -DESMF_CXXSTD=11 -DESMF_NO_SIGUSR2

C++ linker flags:
ESMF_CXXLINKOPTS:   -m64 -mcmodel=small -pthread  -fopenmp
ESMF_CXXLINKPATHS: -L/project/esmf/rocky/esmf-test-dev/gfortran_11.2.0_openmpi_O_develop/esmf/lib/libO/Darwin.gfortran.64.openmpi.default -L/project/esmf/stack/install/gcc/11.2.0/netcdf/4.7.4/lib -L/project/esmf/stack/install/gcc/11.2.0/netcdf/4.7.4/lib -L/opt/local/lib/gcc11/gcc/x86_64-apple-darwin21/11.2.0/../../../
ESMF_CXXLINKRPATHS: 
ESMF_CXXLINKLIBS:  -lgfortran -lnetcdf -lnetcdff -lpioc
ESMF_CXXESMFLINKLIBS: -lesmf  -lgfortran -lnetcdf -lnetcdff -lpioc

C compiler flags:
ESMF_CCOMPILER: mpicc
ESMF_CCOMPILEOPTS:  -O -DNDEBUG 
ESMF_CCOMPILEPATHS:  -I/project/esmf/rocky/esmf-test-dev/gfortran_11.2.0_openmpi_O_develop/esmf/src/include  
ESMF_CCOMPILECPPFLAGS: -DESMF_NO_INTEGER_1_BYTE -DESMF_NO_INTEGER_2_BYTE -DESMF_VERSION_STRING_GIT='v8.4.0b04' -DESMF_MOAB=1 -DESMF_LAPACK=1 -DESMF_LAPACK_INTERNAL=1 -DESMF_NO_ACC_SOFTWARE_STACK=1 -DESMF_NETCDF=1 -DESMF_YAMLCPP=1 -DESMF_YAML=1 -DESMF_PIO=1 -DESMF_NO_OPENACC -DESMF_TESTEXHAUSTIVE -DESMF_BOPT_O -DESMF_TESTCOMPTUNNEL -DESMF_TESTWITHTHREADS -DSx86_64_small=1 -DESMF_OS_Darwin=1 -DESMF_COMM=openmpi -DESMF_DIR=/project/esmf/rocky/esmf-test-dev/gfortran_11.2.0_openmpi_O_develop/esmf -D__SDIR__=''

C linker flags:
ESMF_CLINKOPTS:  
ESMF_CLINKPATHS: -L/project/esmf/rocky/esmf-test-dev/gfortran_11.2.0_openmpi_O_develop/esmf/lib/libO/Darwin.gfortran.64.openmpi.default 
ESMF_CLINKRPATHS: 
ESMF_CLINKLIBS: 
ESMF_CESMFLINKLIBS: -lesmf 

Shared library build:
ESMF_SL_LIBS_TO_MAKE: libesmf
ESMF_SL_SUFFIX:       dylib
ESMF_SL_LIBLINKER:    mpicxx
ESMF_SL_LIBOPTS:       -dynamiclib  -fopenmp
ESMF_SL_LIBLIBS:       -L/project/esmf/rocky/esmf-test-dev/gfortran_11.2.0_openmpi_O_develop/esmf/lib/libO/Darwin.gfortran.64.openmpi.default -L/project/esmf/stack/install/gcc/11.2.0/netcdf/4.7.4/lib -L/project/esmf/stack/install/gcc/11.2.0/netcdf/4.7.4/lib -L/opt/local/lib/gcc11/gcc/x86_64-apple-darwin21/11.2.0/../../../   -lstdc++ -lnetcdf -lnetcdff -lpioc -L/project/esmf/rocky/esmf-test-dev/gfortran_11.2.0_openmpi_O_develop/esmf/lib/libO/Darwin.gfortran.64.openmpi.default -L/project/esmf/stack/install/gcc/11.2.0/netcdf/4.7.4/lib -L/project/esmf/stack/install/gcc/11.2.0/netcdf/4.7.4/lib -L/opt/local/lib/gcc11/gcc/x86_64-apple-darwin21/11.2.0/../../../  -lgfortran -lnetcdf -lnetcdff -lpioc

ESMF Tracing linker options:
ESMF_TRACE_LDPRELOAD=/project/esmf/rocky/esmf-test-dev/gfortran_11.2.0_openmpi_O_develop/esmf/lib/libO/Darwin.gfortran.64.openmpi.default/libesmftrace_preload.dylib
ESMF_TRACE_STATICLINKOPTS=-static -Wl,--wrap=c_esmftrace_notify_wrappers -Wl,--wrap=c_esmftrace_isinitialized -Wl,--wrap=write -Wl,--wrap=writev -Wl,--wrap=pwrite -Wl,--wrap=read -Wl,--wrap=open -Wl,--wrap=MPI_Allgather -Wl,--wrap=MPI_Allgatherv -Wl,--wrap=MPI_Allreduce -Wl,--wrap=MPI_Alltoall -Wl,--wrap=MPI_Alltoallv -Wl,--wrap=MPI_Alltoallw -Wl,--wrap=MPI_Barrier -Wl,--wrap=MPI_Bcast -Wl,--wrap=MPI_Bsend -Wl,--wrap=MPI_Gather -Wl,--wrap=MPI_Gatherv -Wl,--wrap=MPI_Iprobe -Wl,--wrap=MPI_Irecv -Wl,--wrap=MPI_Irsend -Wl,--wrap=MPI_Isend -Wl,--wrap=MPI_Issend -Wl,--wrap=MPI_Probe -Wl,--wrap=MPI_Recv -Wl,--wrap=MPI_Reduce -Wl,--wrap=MPI_Rsend -Wl,--wrap=MPI_Scan -Wl,--wrap=MPI_Scatter -Wl,--wrap=MPI_Scatterv -Wl,--wrap=MPI_Send -Wl,--wrap=MPI_Sendrecv -Wl,--wrap=MPI_Test -Wl,--wrap=MPI_Testall -Wl,--wrap=MPI_Testany -Wl,--wrap=MPI_Testsome -Wl,--wrap=MPI_Wait -Wl,--wrap=MPI_Waitall -Wl,--wrap=MPI_Waitany -Wl,--wrap=MPI_Waitsome -Wl,--wrap=mpi_allgather_ -Wl,--wrap=mpi_allgather__ -Wl,--wrap=mpi_allgatherv_ -Wl,--wrap=mpi_allgatherv__ -Wl,--wrap=mpi_allreduce_ -Wl,--wrap=mpi_allreduce__ -Wl,--wrap=mpi_alltoall_ -Wl,--wrap=mpi_alltoall__ -Wl,--wrap=mpi_alltoallv_ -Wl,--wrap=mpi_alltoallv__ -Wl,--wrap=mpi_alltoallw_ -Wl,--wrap=mpi_alltoallw__ -Wl,--wrap=mpi_barrier_ -Wl,--wrap=mpi_barrier__ -Wl,--wrap=mpi_bcast_ -Wl,--wrap=mpi_bcast__ -Wl,--wrap=mpi_bsend_ -Wl,--wrap=mpi_bsend__ -Wl,--wrap=mpi_exscan_ -Wl,--wrap=mpi_exscan__ -Wl,--wrap=mpi_gather_ -Wl,--wrap=mpi_gather__ -Wl,--wrap=mpi_gatherv_ -Wl,--wrap=mpi_gatherv__ -Wl,--wrap=mpi_iprobe_ -Wl,--wrap=mpi_iprobe__ -Wl,--wrap=mpi_irecv_ -Wl,--wrap=mpi_irecv__ -Wl,--wrap=mpi_irsend_ -Wl,--wrap=mpi_irsend__ -Wl,--wrap=mpi_isend_ -Wl,--wrap=mpi_isend__ -Wl,--wrap=mpi_issend_ -Wl,--wrap=mpi_issend__ -Wl,--wrap=mpi_probe_ -Wl,--wrap=mpi_probe__ -Wl,--wrap=mpi_recv_ -Wl,--wrap=mpi_recv__ -Wl,--wrap=mpi_reduce_ -Wl,--wrap=mpi_reduce__ -Wl,--wrap=mpi_reduce_scatter_ -Wl,--wrap=mpi_reduce_scatter__ -Wl,--wrap=mpi_rsend_ -Wl,--wrap=mpi_rsend__ -Wl,--wrap=mpi_scatter_ -Wl,--wrap=mpi_scatter__ -Wl,--wrap=mpi_scatterv_ -Wl,--wrap=mpi_scatterv__ -Wl,--wrap=mpi_scan_ -Wl,--wrap=mpi_scan__ -Wl,--wrap=mpi_send_ -Wl,--wrap=mpi_send__ -Wl,--wrap=mpi_sendrecv_ -Wl,--wrap=mpi_sendrecv__ -Wl,--wrap=mpi_test_ -Wl,--wrap=mpi_test__ -Wl,--wrap=mpi_testall_ -Wl,--wrap=mpi_testall__ -Wl,--wrap=mpi_testany_ -Wl,--wrap=mpi_testany__ -Wl,--wrap=mpi_testsome_ -Wl,--wrap=mpi_testsome__ -Wl,--wrap=mpi_wait_ -Wl,--wrap=mpi_wait__ -Wl,--wrap=mpi_waitall_ -Wl,--wrap=mpi_waitall__ -Wl,--wrap=mpi_waitany_ -Wl,--wrap=mpi_waitany__
ESMF_TRACE_STATICLINKLIBS=-lesmftrace_static


--------------------------------------------------------------
Compiling on Thu Jul 14 01:32:50 MDT 2022 on cgdm-catania
Machine characteristics: Darwin cgdm-catania 21.5.0 Darwin Kernel Version 21.5.0: Tue Apr 26 21:08:22 PDT 2022; root:xnu-8020.121.3~4/RELEASE_X86_64 x86_64
==============================================================
 
