2022-07-14 02:29:32
20220714 032754.790 INFO             PET0 !!!!!!!!!!!!!!!!!!!!!!!!!!!!!!!!!!!!!!!!!!!!!!!!!!!!!!
20220714 032754.790 INFO             PET0 !!! THE ESMF_LOG IS SET TO OUTPUT ALL LOG MESSAGES !!!
20220714 032754.790 INFO             PET0 !!!     THIS MAY CAUSE SLOWDOWN IN PERFORMANCE     !!!
20220714 032754.790 INFO             PET0 !!! FOR PRODUCTION RUNS, USE:                      !!!
20220714 032754.790 INFO             PET0 !!!                   ESMF_LOGKIND_Multi_On_Error  !!!
20220714 032754.790 INFO             PET0 !!!!!!!!!!!!!!!!!!!!!!!!!!!!!!!!!!!!!!!!!!!!!!!!!!!!!!
20220714 032754.790 INFO             PET0 Running with ESMF Version   : v8.3.0b13-21-g29f31e7579
20220714 032754.790 INFO             PET0 ESMF library build date/time: "Jul 14 2022" "02:20:18"
20220714 032754.790 INFO             PET0 ESMF library build location : /glade/scratch/dunlap/esmf-test-dev/intel_18.0.5_mpiuni_O_newalarm/esmf
20220714 032754.790 INFO             PET0 ESMF_COMM                   : mpiuni
20220714 032754.790 INFO             PET0 ESMF_MOAB                   : enabled
20220714 032754.790 INFO             PET0 ESMF_LAPACK                 : enabled
20220714 032754.790 INFO             PET0 ESMF_NETCDF                 : enabled
20220714 032754.790 INFO             PET0 ESMF_PNETCDF                : disabled
20220714 032754.790 INFO             PET0 ESMF_PIO                    : disabled
20220714 032754.790 INFO             PET0 ESMF_YAMLCPP                : enabled
20220714 032754.790 INFO             PET0 ESMF Tracing Enabled
20220714 032754.790 INFO             PET0 ESMF Profiling Enabled
20220714 032754.790 INFO             PET0 ESMF Trace/Profile clock: REALTIME
20220714 032754.792 INFO             PET0  NUMBER_OF_PROCESSORS           1
20220714 032754.792 INFO             PET0  PASS  Example ESMF_TraceEx, ESMF_TraceEx.F90, line 178
20220714 032754.792 INFO             PET0 Finalizing ESMF
20220714 032754.792 INFO             PET0 **************** Region Timings *******************
20220714 032754.792 INFO             PET0 Region              Count  Total (s)   Self (s)    Mean (s)    Min (s)     Max (s)
20220714 032754.792 INFO             PET0   [test] Run 1      5      0.0000      0.0000      0.0000      0.0000      0.0000
20220714 032754.792 INFO             PET0   [test] Init 1     1      0.0000      0.0000      0.0000      0.0000      0.0000
20220714 032754.792 INFO             PET0   [test] Final 1    1      0.0000      0.0000      0.0000      0.0000      0.0000
