2022-07-14 01:48:21
20220714 022338.233 INFO             PET0 !!!!!!!!!!!!!!!!!!!!!!!!!!!!!!!!!!!!!!!!!!!!!!!!!!!!!!
20220714 022338.233 INFO             PET0 !!! THE ESMF_LOG IS SET TO OUTPUT ALL LOG MESSAGES !!!
20220714 022338.233 INFO             PET0 !!!     THIS MAY CAUSE SLOWDOWN IN PERFORMANCE     !!!
20220714 022338.233 INFO             PET0 !!! FOR PRODUCTION RUNS, USE:                      !!!
20220714 022338.233 INFO             PET0 !!!                   ESMF_LOGKIND_Multi_On_Error  !!!
20220714 022338.233 INFO             PET0 !!!!!!!!!!!!!!!!!!!!!!!!!!!!!!!!!!!!!!!!!!!!!!!!!!!!!!
20220714 022338.233 INFO             PET0 Running with ESMF Version   : v8.4.0b04
20220714 022338.233 INFO             PET0 ESMF library build date/time: "Jul 14 2022" "01:46:13"
20220714 022338.233 INFO             PET0 ESMF library build location : /glade/scratch/dunlap/esmf-test-dev/gfortran_9.1.0_openmpi_O_develop/esmf
20220714 022338.233 INFO             PET0 ESMF_COMM                   : openmpi
20220714 022338.233 INFO             PET0 ESMF_MOAB                   : enabled
20220714 022338.233 INFO             PET0 ESMF_LAPACK                 : enabled
20220714 022338.233 INFO             PET0 ESMF_NETCDF                 : enabled
20220714 022338.233 INFO             PET0 ESMF_PNETCDF                : disabled
20220714 022338.233 INFO             PET0 ESMF_PIO                    : enabled
20220714 022338.233 INFO             PET0 ESMF_YAMLCPP                : enabled
20220714 022338.275 DEBUG            PET0 about to destroy Grid: 0x22fbff0
20220714 022338.279 DEBUG            PET0 about to destroy Grid: 0x22fe080
20220714 022338.290 INFO             PET0  NUMBER_OF_PROCESSORS           4
20220714 022338.290 INFO             PET0  PASS  Example ESMF_NUOPCAtmModelEx, ESMF_NUOPCAtmModelEx.F90, line 806
20220714 022338.290 INFO             PET0 Finalizing ESMF
20220714 022338.234 INFO             PET1 !!!!!!!!!!!!!!!!!!!!!!!!!!!!!!!!!!!!!!!!!!!!!!!!!!!!!!
20220714 022338.234 INFO             PET1 !!! THE ESMF_LOG IS SET TO OUTPUT ALL LOG MESSAGES !!!
20220714 022338.234 INFO             PET1 !!!     THIS MAY CAUSE SLOWDOWN IN PERFORMANCE     !!!
20220714 022338.234 INFO             PET1 !!! FOR PRODUCTION RUNS, USE:                      !!!
20220714 022338.234 INFO             PET1 !!!                   ESMF_LOGKIND_Multi_On_Error  !!!
20220714 022338.234 INFO             PET1 !!!!!!!!!!!!!!!!!!!!!!!!!!!!!!!!!!!!!!!!!!!!!!!!!!!!!!
20220714 022338.234 INFO             PET1 Running with ESMF Version   : v8.4.0b04
20220714 022338.234 INFO             PET1 ESMF library build date/time: "Jul 14 2022" "01:46:13"
20220714 022338.234 INFO             PET1 ESMF library build location : /glade/scratch/dunlap/esmf-test-dev/gfortran_9.1.0_openmpi_O_develop/esmf
20220714 022338.234 INFO             PET1 ESMF_COMM                   : openmpi
20220714 022338.234 INFO             PET1 ESMF_MOAB                   : enabled
20220714 022338.234 INFO             PET1 ESMF_LAPACK                 : enabled
20220714 022338.234 INFO             PET1 ESMF_NETCDF                 : enabled
20220714 022338.234 INFO             PET1 ESMF_PNETCDF                : disabled
20220714 022338.234 INFO             PET1 ESMF_PIO                    : enabled
20220714 022338.234 INFO             PET1 ESMF_YAMLCPP                : enabled
20220714 022338.275 DEBUG            PET1 about to destroy Grid: 0xa9a030
20220714 022338.279 DEBUG            PET1 about to destroy Grid: 0xa9b770
20220714 022338.290 INFO             PET1  NUMBER_OF_PROCESSORS           4
20220714 022338.290 INFO             PET1  PASS  Example ESMF_NUOPCAtmModelEx, ESMF_NUOPCAtmModelEx.F90, line 806
20220714 022338.290 INFO             PET1 Finalizing ESMF
20220714 022338.233 INFO             PET2 !!!!!!!!!!!!!!!!!!!!!!!!!!!!!!!!!!!!!!!!!!!!!!!!!!!!!!
20220714 022338.233 INFO             PET2 !!! THE ESMF_LOG IS SET TO OUTPUT ALL LOG MESSAGES !!!
20220714 022338.233 INFO             PET2 !!!     THIS MAY CAUSE SLOWDOWN IN PERFORMANCE     !!!
20220714 022338.233 INFO             PET2 !!! FOR PRODUCTION RUNS, USE:                      !!!
20220714 022338.233 INFO             PET2 !!!                   ESMF_LOGKIND_Multi_On_Error  !!!
20220714 022338.233 INFO             PET2 !!!!!!!!!!!!!!!!!!!!!!!!!!!!!!!!!!!!!!!!!!!!!!!!!!!!!!
20220714 022338.233 INFO             PET2 Running with ESMF Version   : v8.4.0b04
20220714 022338.233 INFO             PET2 ESMF library build date/time: "Jul 14 2022" "01:46:13"
20220714 022338.233 INFO             PET2 ESMF library build location : /glade/scratch/dunlap/esmf-test-dev/gfortran_9.1.0_openmpi_O_develop/esmf
20220714 022338.233 INFO             PET2 ESMF_COMM                   : openmpi
20220714 022338.233 INFO             PET2 ESMF_MOAB                   : enabled
20220714 022338.233 INFO             PET2 ESMF_LAPACK                 : enabled
20220714 022338.233 INFO             PET2 ESMF_NETCDF                 : enabled
20220714 022338.233 INFO             PET2 ESMF_PNETCDF                : disabled
20220714 022338.233 INFO             PET2 ESMF_PIO                    : enabled
20220714 022338.233 INFO             PET2 ESMF_YAMLCPP                : enabled
20220714 022338.275 DEBUG            PET2 about to destroy Grid: 0x101b490
20220714 022338.279 DEBUG            PET2 about to destroy Grid: 0x101cff0
20220714 022338.290 INFO             PET2  NUMBER_OF_PROCESSORS           4
20220714 022338.290 INFO             PET2  PASS  Example ESMF_NUOPCAtmModelEx, ESMF_NUOPCAtmModelEx.F90, line 806
20220714 022338.290 INFO             PET2 Finalizing ESMF
20220714 022338.236 INFO             PET3 !!!!!!!!!!!!!!!!!!!!!!!!!!!!!!!!!!!!!!!!!!!!!!!!!!!!!!
20220714 022338.236 INFO             PET3 !!! THE ESMF_LOG IS SET TO OUTPUT ALL LOG MESSAGES !!!
20220714 022338.236 INFO             PET3 !!!     THIS MAY CAUSE SLOWDOWN IN PERFORMANCE     !!!
20220714 022338.236 INFO             PET3 !!! FOR PRODUCTION RUNS, USE:                      !!!
20220714 022338.236 INFO             PET3 !!!                   ESMF_LOGKIND_Multi_On_Error  !!!
20220714 022338.236 INFO             PET3 !!!!!!!!!!!!!!!!!!!!!!!!!!!!!!!!!!!!!!!!!!!!!!!!!!!!!!
20220714 022338.236 INFO             PET3 Running with ESMF Version   : v8.4.0b04
20220714 022338.236 INFO             PET3 ESMF library build date/time: "Jul 14 2022" "01:46:13"
20220714 022338.236 INFO             PET3 ESMF library build location : /glade/scratch/dunlap/esmf-test-dev/gfortran_9.1.0_openmpi_O_develop/esmf
20220714 022338.236 INFO             PET3 ESMF_COMM                   : openmpi
20220714 022338.236 INFO             PET3 ESMF_MOAB                   : enabled
20220714 022338.236 INFO             PET3 ESMF_LAPACK                 : enabled
20220714 022338.236 INFO             PET3 ESMF_NETCDF                 : enabled
20220714 022338.236 INFO             PET3 ESMF_PNETCDF                : disabled
20220714 022338.236 INFO             PET3 ESMF_PIO                    : enabled
20220714 022338.236 INFO             PET3 ESMF_YAMLCPP                : enabled
20220714 022338.275 DEBUG            PET3 about to destroy Grid: 0xd5c0b0
20220714 022338.279 DEBUG            PET3 about to destroy Grid: 0xd5dc50
20220714 022338.290 INFO             PET3  NUMBER_OF_PROCESSORS           4
20220714 022338.290 INFO             PET3  PASS  Example ESMF_NUOPCAtmModelEx, ESMF_NUOPCAtmModelEx.F90, line 806
20220714 022338.290 INFO             PET3 Finalizing ESMF
