2022-07-14 01:46:38
20220714 022138.172 INFO             PET0 !!!!!!!!!!!!!!!!!!!!!!!!!!!!!!!!!!!!!!!!!!!!!!!!!!!!!!
20220714 022138.172 INFO             PET0 !!! THE ESMF_LOG IS SET TO OUTPUT ALL LOG MESSAGES !!!
20220714 022138.172 INFO             PET0 !!!     THIS MAY CAUSE SLOWDOWN IN PERFORMANCE     !!!
20220714 022138.172 INFO             PET0 !!! FOR PRODUCTION RUNS, USE:                      !!!
20220714 022138.172 INFO             PET0 !!!                   ESMF_LOGKIND_Multi_On_Error  !!!
20220714 022138.172 INFO             PET0 !!!!!!!!!!!!!!!!!!!!!!!!!!!!!!!!!!!!!!!!!!!!!!!!!!!!!!
20220714 022138.172 INFO             PET0 Running with ESMF Version   : v8.3.0b13-21-g29f31e7579
20220714 022138.172 INFO             PET0 ESMF library build date/time: "Jul 14 2022" "01:44:35"
20220714 022138.172 INFO             PET0 ESMF library build location : /glade/scratch/dunlap/esmf-test-dev/gfortran_7.4.0_openmpi_O_newalarm/esmf
20220714 022138.172 INFO             PET0 ESMF_COMM                   : openmpi
20220714 022138.173 INFO             PET0 ESMF_MOAB                   : enabled
20220714 022138.173 INFO             PET0 ESMF_LAPACK                 : enabled
20220714 022138.173 INFO             PET0 ESMF_NETCDF                 : enabled
20220714 022138.173 INFO             PET0 ESMF_PNETCDF                : disabled
20220714 022138.173 INFO             PET0 ESMF_PIO                    : enabled
20220714 022138.173 INFO             PET0 ESMF_YAMLCPP                : enabled
20220714 022138.211 DEBUG            PET0 about to destroy Grid: 0x1ac80f0
20220714 022138.215 DEBUG            PET0 about to destroy Grid: 0x1ac9fa0
20220714 022138.227 INFO             PET0  NUMBER_OF_PROCESSORS           4
20220714 022138.227 INFO             PET0  PASS  Example ESMF_NUOPCAtmModelEx, ESMF_NUOPCAtmModelEx.F90, line 806
20220714 022138.227 INFO             PET0 Finalizing ESMF
20220714 022138.172 INFO             PET1 !!!!!!!!!!!!!!!!!!!!!!!!!!!!!!!!!!!!!!!!!!!!!!!!!!!!!!
20220714 022138.172 INFO             PET1 !!! THE ESMF_LOG IS SET TO OUTPUT ALL LOG MESSAGES !!!
20220714 022138.172 INFO             PET1 !!!     THIS MAY CAUSE SLOWDOWN IN PERFORMANCE     !!!
20220714 022138.172 INFO             PET1 !!! FOR PRODUCTION RUNS, USE:                      !!!
20220714 022138.172 INFO             PET1 !!!                   ESMF_LOGKIND_Multi_On_Error  !!!
20220714 022138.172 INFO             PET1 !!!!!!!!!!!!!!!!!!!!!!!!!!!!!!!!!!!!!!!!!!!!!!!!!!!!!!
20220714 022138.172 INFO             PET1 Running with ESMF Version   : v8.3.0b13-21-g29f31e7579
20220714 022138.172 INFO             PET1 ESMF library build date/time: "Jul 14 2022" "01:44:35"
20220714 022138.172 INFO             PET1 ESMF library build location : /glade/scratch/dunlap/esmf-test-dev/gfortran_7.4.0_openmpi_O_newalarm/esmf
20220714 022138.172 INFO             PET1 ESMF_COMM                   : openmpi
20220714 022138.172 INFO             PET1 ESMF_MOAB                   : enabled
20220714 022138.172 INFO             PET1 ESMF_LAPACK                 : enabled
20220714 022138.172 INFO             PET1 ESMF_NETCDF                 : enabled
20220714 022138.172 INFO             PET1 ESMF_PNETCDF                : disabled
20220714 022138.172 INFO             PET1 ESMF_PIO                    : enabled
20220714 022138.172 INFO             PET1 ESMF_YAMLCPP                : enabled
20220714 022138.211 DEBUG            PET1 about to destroy Grid: 0xa500b0
20220714 022138.215 DEBUG            PET1 about to destroy Grid: 0xa51600
20220714 022138.227 INFO             PET1  NUMBER_OF_PROCESSORS           4
20220714 022138.227 INFO             PET1  PASS  Example ESMF_NUOPCAtmModelEx, ESMF_NUOPCAtmModelEx.F90, line 806
20220714 022138.227 INFO             PET1 Finalizing ESMF
20220714 022138.172 INFO             PET2 !!!!!!!!!!!!!!!!!!!!!!!!!!!!!!!!!!!!!!!!!!!!!!!!!!!!!!
20220714 022138.172 INFO             PET2 !!! THE ESMF_LOG IS SET TO OUTPUT ALL LOG MESSAGES !!!
20220714 022138.172 INFO             PET2 !!!     THIS MAY CAUSE SLOWDOWN IN PERFORMANCE     !!!
20220714 022138.172 INFO             PET2 !!! FOR PRODUCTION RUNS, USE:                      !!!
20220714 022138.172 INFO             PET2 !!!                   ESMF_LOGKIND_Multi_On_Error  !!!
20220714 022138.172 INFO             PET2 !!!!!!!!!!!!!!!!!!!!!!!!!!!!!!!!!!!!!!!!!!!!!!!!!!!!!!
20220714 022138.172 INFO             PET2 Running with ESMF Version   : v8.3.0b13-21-g29f31e7579
20220714 022138.172 INFO             PET2 ESMF library build date/time: "Jul 14 2022" "01:44:35"
20220714 022138.172 INFO             PET2 ESMF library build location : /glade/scratch/dunlap/esmf-test-dev/gfortran_7.4.0_openmpi_O_newalarm/esmf
20220714 022138.172 INFO             PET2 ESMF_COMM                   : openmpi
20220714 022138.172 INFO             PET2 ESMF_MOAB                   : enabled
20220714 022138.172 INFO             PET2 ESMF_LAPACK                 : enabled
20220714 022138.172 INFO             PET2 ESMF_NETCDF                 : enabled
20220714 022138.172 INFO             PET2 ESMF_PNETCDF                : disabled
20220714 022138.172 INFO             PET2 ESMF_PIO                    : enabled
20220714 022138.172 INFO             PET2 ESMF_YAMLCPP                : enabled
20220714 022138.211 DEBUG            PET2 about to destroy Grid: 0x234be50
20220714 022138.215 DEBUG            PET2 about to destroy Grid: 0x234d980
20220714 022138.227 INFO             PET2  NUMBER_OF_PROCESSORS           4
20220714 022138.227 INFO             PET2  PASS  Example ESMF_NUOPCAtmModelEx, ESMF_NUOPCAtmModelEx.F90, line 806
20220714 022138.227 INFO             PET2 Finalizing ESMF
20220714 022138.173 INFO             PET3 !!!!!!!!!!!!!!!!!!!!!!!!!!!!!!!!!!!!!!!!!!!!!!!!!!!!!!
20220714 022138.173 INFO             PET3 !!! THE ESMF_LOG IS SET TO OUTPUT ALL LOG MESSAGES !!!
20220714 022138.173 INFO             PET3 !!!     THIS MAY CAUSE SLOWDOWN IN PERFORMANCE     !!!
20220714 022138.173 INFO             PET3 !!! FOR PRODUCTION RUNS, USE:                      !!!
20220714 022138.173 INFO             PET3 !!!                   ESMF_LOGKIND_Multi_On_Error  !!!
20220714 022138.173 INFO             PET3 !!!!!!!!!!!!!!!!!!!!!!!!!!!!!!!!!!!!!!!!!!!!!!!!!!!!!!
20220714 022138.173 INFO             PET3 Running with ESMF Version   : v8.3.0b13-21-g29f31e7579
20220714 022138.173 INFO             PET3 ESMF library build date/time: "Jul 14 2022" "01:44:35"
20220714 022138.173 INFO             PET3 ESMF library build location : /glade/scratch/dunlap/esmf-test-dev/gfortran_7.4.0_openmpi_O_newalarm/esmf
20220714 022138.173 INFO             PET3 ESMF_COMM                   : openmpi
20220714 022138.173 INFO             PET3 ESMF_MOAB                   : enabled
20220714 022138.173 INFO             PET3 ESMF_LAPACK                 : enabled
20220714 022138.173 INFO             PET3 ESMF_NETCDF                 : enabled
20220714 022138.173 INFO             PET3 ESMF_PNETCDF                : disabled
20220714 022138.173 INFO             PET3 ESMF_PIO                    : enabled
20220714 022138.173 INFO             PET3 ESMF_YAMLCPP                : enabled
20220714 022138.211 DEBUG            PET3 about to destroy Grid: 0x2540020
20220714 022138.215 DEBUG            PET3 about to destroy Grid: 0x2541370
20220714 022138.227 INFO             PET3  NUMBER_OF_PROCESSORS           4
20220714 022138.227 INFO             PET3  PASS  Example ESMF_NUOPCAtmModelEx, ESMF_NUOPCAtmModelEx.F90, line 806
20220714 022138.227 INFO             PET3 Finalizing ESMF
